#
# There is insufficient memory for the Java Runtime Environment to continue.
# Native memory allocation (malloc) failed to allocate 1377456 bytes. Error detail: Chunk::new
# Possible reasons:
#   The system is out of physical RAM or swap space
#   This process is running with CompressedOops enabled, and the Java Heap may be blocking the growth of the native heap
# Possible solutions:
#   Reduce memory load on the system
#   Increase physical memory or swap space
#   Check if swap backing store is full
#   Decrease Java heap size (-Xmx/-Xms)
#   Decrease number of Java threads
#   Decrease Java thread stack sizes (-Xss)
#   Set larger code cache with -XX:ReservedCodeCacheSize=
#   JVM is running with Unscaled Compressed Oops mode in which the Java heap is
#     placed in the first 4GB address space. The Java Heap base address is the
#     maximum limit for the native heap growth. Please use -XX:HeapBaseMinAddress
#     to set the Java Heap base and to place the Java Heap above 4GB virtual address.
# This output file may be truncated or incomplete.
#
#  Out of Memory Error (arena.cpp:191), pid=20172, tid=13192
#
# JRE version: OpenJDK Runtime Environment Temurin-17.0.13+11 (17.0.13+11) (build 17.0.13+11)
# Java VM: OpenJDK 64-Bit Server VM Temurin-17.0.13+11 (17.0.13+11, mixed mode, tiered, compressed oops, compressed class ptrs, parallel gc, windows-amd64)
# No core dump will be written. Minidumps are not enabled by default on client versions of Windows
#

---------------  S U M M A R Y ------------

Command Line: --add-modules=ALL-SYSTEM --add-opens=java.base/java.util=ALL-UNNAMED --add-opens=java.base/java.lang=ALL-UNNAMED --add-opens=java.base/sun.nio.fs=ALL-UNNAMED -Declipse.application=org.eclipse.jdt.ls.core.id1 -Dosgi.bundles.defaultStartLevel=4 -Declipse.product=org.eclipse.jdt.ls.core.product -Djava.import.generatesMetadataFilesAtProjectRoot=false -DDetectVMInstallationsJob.disabled=true -Dfile.encoding=utf8 -XX:+UseParallelGC -XX:GCTimeRatio=4 -XX:AdaptiveSizePolicyWeight=90 -Dsun.zip.disableMemoryMapping=true -Xmx1G -Xms100m -Xlog:disable -javaagent:c:\Users\sureshbabu\.vscode\extensions\redhat.java-1.38.0-win32-x64\lombok\lombok-1.18.34.jar -XX:+HeapDumpOnOutOfMemoryError -XX:HeapDumpPath=c:\Users\sureshbabu\AppData\Roaming\Code\User\workspaceStorage\f69f5eef1eb3f792891db10535b10611\redhat.java -Daether.dependencyCollector.impl=bf c:\Users\sureshbabu\.vscode\extensions\redhat.java-1.38.0-win32-x64\server\plugins\org.eclipse.equinox.launcher_1.6.900.v20240613-2009.jar -configuration c:\Users\sureshbabu\AppData\Roaming\Code\User\globalStorage\redhat.java\1.38.0\config_win -data c:\Users\sureshbabu\AppData\Roaming\Code\User\workspaceStorage\f69f5eef1eb3f792891db10535b10611\redhat.java\jdt_ws --pipe=\\.\pipe\lsp-2161839352bd6cf2ff191bd1eb97416c-sock

Host: 12th Gen Intel(R) Core(TM) i7-1255U, 12 cores, 15G,  Windows 11 , 64 bit Build 26100 (10.0.26100.2454)
Time: Thu Jan  9 15:17:09 2025 India Standard Time elapsed time: 3.938982 seconds (0d 0h 0m 3s)

---------------  T H R E A D  ---------------

Current thread (0x0000019dbe1955b0):  JavaThread "C2 CompilerThread2" daemon [_thread_in_native, id=13192, stack(0x00000017df900000,0x00000017dfa00000)]


Current CompileTask:
C2:   3939 4179   !   4       org.eclipse.osgi.internal.loader.classpath.ClasspathManager::findClassImpl (308 bytes)

Stack: [0x00000017df900000,0x00000017dfa00000]
Native frames: (J=compiled Java code, j=interpreted, Vv=VM code, C=native code)
V  [jvm.dll+0x682a19]
V  [jvm.dll+0x839538]
V  [jvm.dll+0x83afe3]
V  [jvm.dll+0x83b653]
V  [jvm.dll+0x24704f]
V  [jvm.dll+0xace34]
V  [jvm.dll+0xad4cc]
V  [jvm.dll+0x36592f]
V  [jvm.dll+0x1ba793]
V  [jvm.dll+0x2181a7]
V  [jvm.dll+0x21748f]
V  [jvm.dll+0x1a3070]
V  [jvm.dll+0x22788c]
V  [jvm.dll+0x2259eb]
V  [jvm.dll+0x7eec98]
V  [jvm.dll+0x7e8ffc]
V  [jvm.dll+0x6818f7]
C  [ucrtbase.dll+0x14ea0]
C  [KERNEL32.DLL+0x2e8d7]
C  [ntdll.dll+0xdfbcc]


---------------  P R O C E S S  ---------------

Threads class SMR info:
_java_thread_list=0x0000019dc0f8b460, length=43, elements={
0x0000019da47b0e50, 0x0000019da483bfe0, 0x0000019db8e65ae0, 0x0000019dbdf8ff10,
0x0000019dbdf927f0, 0x0000019dbdf932c0, 0x0000019dbdf98a50, 0x0000019dbdfc54e0,
0x0000019dbdfcee10, 0x0000019dbdfd0310, 0x0000019dbe14c3e0, 0x0000019dbe193080,
0x0000019dbf750550, 0x0000019dbe1955b0, 0x0000019dbfd857b0, 0x0000019dc02e0fa0,
0x0000019dc054bfa0, 0x0000019dc02ccb90, 0x0000019dc01c1410, 0x0000019dc08d65d0,
0x0000019dc08d5bb0, 0x0000019dc08d6ae0, 0x0000019dc08d8430, 0x0000019dc08d6ff0,
0x0000019dc08d7f20, 0x0000019dc08d7500, 0x0000019dc08d7a10, 0x0000019dc08d8940,
0x0000019dc08d56a0, 0x0000019dc08d60c0, 0x0000019dc30983d0, 0x0000019dc30979b0,
0x0000019dc3095640, 0x0000019dc3096a80, 0x0000019dc30974a0, 0x0000019dc3097ec0,
0x0000019dc3096f90, 0x0000019dc3096570, 0x0000019dc3098df0, 0x0000019dc30988e0,
0x0000019dc3095b50, 0x0000019dc3099810, 0x0000019dc3096060
}

Java Threads: ( => current thread )
  0x0000019da47b0e50 JavaThread "main" [_thread_blocked, id=26952, stack(0x00000017de900000,0x00000017dea00000)]
  0x0000019da483bfe0 JavaThread "Reference Handler" daemon [_thread_blocked, id=4320, stack(0x00000017dec00000,0x00000017ded00000)]
  0x0000019db8e65ae0 JavaThread "Finalizer" daemon [_thread_blocked, id=25512, stack(0x00000017ded00000,0x00000017dee00000)]
  0x0000019dbdf8ff10 JavaThread "Signal Dispatcher" daemon [_thread_blocked, id=4268, stack(0x00000017dee00000,0x00000017def00000)]
  0x0000019dbdf927f0 JavaThread "Attach Listener" daemon [_thread_blocked, id=10968, stack(0x00000017def00000,0x00000017df000000)]
  0x0000019dbdf932c0 JavaThread "Service Thread" daemon [_thread_blocked, id=25696, stack(0x00000017df000000,0x00000017df100000)]
  0x0000019dbdf98a50 JavaThread "Monitor Deflation Thread" daemon [_thread_blocked, id=17544, stack(0x00000017df100000,0x00000017df200000)]
  0x0000019dbdfc54e0 JavaThread "C2 CompilerThread0" daemon [_thread_in_native, id=26184, stack(0x00000017df200000,0x00000017df300000)]
  0x0000019dbdfcee10 JavaThread "C1 CompilerThread0" daemon [_thread_blocked, id=16624, stack(0x00000017df300000,0x00000017df400000)]
  0x0000019dbdfd0310 JavaThread "Sweeper thread" daemon [_thread_blocked, id=17080, stack(0x00000017df400000,0x00000017df500000)]
  0x0000019dbe14c3e0 JavaThread "Common-Cleaner" daemon [_thread_blocked, id=18852, stack(0x00000017df500000,0x00000017df600000)]
  0x0000019dbe193080 JavaThread "C2 CompilerThread1" daemon [_thread_in_native, id=8016, stack(0x00000017df600000,0x00000017df700000)]
  0x0000019dbf750550 JavaThread "Notification Thread" daemon [_thread_blocked, id=15032, stack(0x00000017df700000,0x00000017df800000)]
=>0x0000019dbe1955b0 JavaThread "C2 CompilerThread2" daemon [_thread_in_native, id=13192, stack(0x00000017df900000,0x00000017dfa00000)]
  0x0000019dbfd857b0 JavaThread "Active Thread: Equinox Container: 1b391147-d3ce-4a8d-9b2a-1f11c8eeef1e" [_thread_blocked, id=7264, stack(0x00000017e0000000,0x00000017e0100000)]
  0x0000019dc02e0fa0 JavaThread "Refresh Thread: Equinox Container: 1b391147-d3ce-4a8d-9b2a-1f11c8eeef1e" daemon [_thread_blocked, id=9472, stack(0x00000017e0100000,0x00000017e0200000)]
  0x0000019dc054bfa0 JavaThread "Framework Event Dispatcher: Equinox Container: 1b391147-d3ce-4a8d-9b2a-1f11c8eeef1e" daemon [_thread_blocked, id=25520, stack(0x00000017e0200000,0x00000017e0300000)]
  0x0000019dc02ccb90 JavaThread "Start Level: Equinox Container: 1b391147-d3ce-4a8d-9b2a-1f11c8eeef1e" daemon [_thread_blocked, id=19084, stack(0x00000017e0300000,0x00000017e0400000)]
  0x0000019dc01c1410 JavaThread "Bundle File Closer" daemon [_thread_blocked, id=20208, stack(0x00000017e0500000,0x00000017e0600000)]
  0x0000019dc08d65d0 JavaThread "SCR Component Actor" daemon [_thread_blocked, id=28652, stack(0x00000017e0800000,0x00000017e0900000)]
  0x0000019dc08d5bb0 JavaThread "SCR Component Registry" daemon [_thread_blocked, id=12576, stack(0x00000017e0900000,0x00000017e0a00000)]
  0x0000019dc08d6ae0 JavaThread "Worker-JM" [_thread_blocked, id=5616, stack(0x00000017e0a00000,0x00000017e0b00000)]
  0x0000019dc08d8430 JavaThread "JNA Cleaner" daemon [_thread_blocked, id=10620, stack(0x00000017e0b00000,0x00000017e0c00000)]
  0x0000019dc08d6ff0 JavaThread "Worker-0: Updating Maven Dependencies" [_thread_blocked, id=23600, stack(0x00000017e0c00000,0x00000017e0d00000)]
  0x0000019dc08d7f20 JavaThread "Worker-1: Repository registry initialization" [_thread_in_vm, id=11436, stack(0x00000017e0d00000,0x00000017e0e00000)]
  0x0000019dc08d7500 JavaThread "Java indexing" daemon [_thread_blocked, id=17148, stack(0x00000017e0e00000,0x00000017e0f00000)]
  0x0000019dc08d7a10 JavaThread "Thread-2" daemon [_thread_in_native, id=5228, stack(0x00000017e1200000,0x00000017e1300000)]
  0x0000019dc08d8940 JavaThread "Thread-3" daemon [_thread_in_native, id=1164, stack(0x00000017e1300000,0x00000017e1400000)]
  0x0000019dc08d56a0 JavaThread "Thread-4" daemon [_thread_in_native, id=7052, stack(0x00000017e1400000,0x00000017e1500000)]
  0x0000019dc08d60c0 JavaThread "Thread-5" daemon [_thread_in_native, id=1444, stack(0x00000017e1500000,0x00000017e1600000)]
  0x0000019dc30983d0 JavaThread "Thread-6" daemon [_thread_in_native, id=16092, stack(0x00000017e1600000,0x00000017e1700000)]
  0x0000019dc30979b0 JavaThread "Thread-7" daemon [_thread_in_native, id=12892, stack(0x00000017e1700000,0x00000017e1800000)]
  0x0000019dc3095640 JavaThread "Thread-8" daemon [_thread_in_native, id=21912, stack(0x00000017e1800000,0x00000017e1900000)]
  0x0000019dc3096a80 JavaThread "Thread-9" daemon [_thread_in_native, id=26296, stack(0x00000017e1900000,0x00000017e1a00000)]
  0x0000019dc30974a0 JavaThread "Thread-10" daemon [_thread_in_native, id=14324, stack(0x00000017e1a00000,0x00000017e1b00000)]
  0x0000019dc3097ec0 JavaThread "Thread-11" daemon [_thread_in_native, id=6732, stack(0x00000017e1b00000,0x00000017e1c00000)]
  0x0000019dc3096f90 JavaThread "Thread-12" daemon [_thread_in_native, id=24376, stack(0x00000017e1c00000,0x00000017e1d00000)]
  0x0000019dc3096570 JavaThread "Thread-13" daemon [_thread_in_native, id=4512, stack(0x00000017e1d00000,0x00000017e1e00000)]
  0x0000019dc3098df0 JavaThread "Thread-14" daemon [_thread_in_native, id=9272, stack(0x00000017e1e00000,0x00000017e1f00000)]
  0x0000019dc30988e0 JavaThread "pool-2-thread-1" [_thread_blocked, id=19072, stack(0x00000017e1f00000,0x00000017e2000000)]
  0x0000019dc3095b50 JavaThread "WorkspaceEventsHandler" [_thread_blocked, id=9972, stack(0x00000017e2000000,0x00000017e2100000)]
  0x0000019dc3099810 JavaThread "pool-1-thread-1" [_thread_blocked, id=26444, stack(0x00000017e2100000,0x00000017e2200000)]
  0x0000019dc3096060 JavaThread "Worker-2" [_thread_blocked, id=12896, stack(0x00000017e2200000,0x00000017e2300000)]

Other Threads:
  0x0000019da485ecf0 VMThread "VM Thread" [stack: 0x00000017deb00000,0x00000017dec00000] [id=5564]
  0x0000019dbe2993a0 WatcherThread [stack: 0x00000017df800000,0x00000017df900000] [id=19752]
  0x0000019da47c7b00 GCTaskThread "GC Thread#0" [stack: 0x00000017dea00000,0x00000017deb00000] [id=18988]
  0x0000019dbf8b8ce0 GCTaskThread "GC Thread#1" [stack: 0x00000017dfa00000,0x00000017dfb00000] [id=19284]
  0x0000019dbf8ba2e0 GCTaskThread "GC Thread#2" [stack: 0x00000017dfb00000,0x00000017dfc00000] [id=22176]
  0x0000019dbf8b97e0 GCTaskThread "GC Thread#3" [stack: 0x00000017dfc00000,0x00000017dfd00000] [id=8056]
  0x0000019dbf8ba5a0 GCTaskThread "GC Thread#4" [stack: 0x00000017dfd00000,0x00000017dfe00000] [id=19300]
  0x0000019dbf8b9260 GCTaskThread "GC Thread#5" [stack: 0x00000017dfe00000,0x00000017dff00000] [id=4808]
  0x0000019dbf8b8a20 GCTaskThread "GC Thread#6" [stack: 0x00000017dff00000,0x00000017e0000000] [id=21868]
  0x0000019dbf8b8fa0 GCTaskThread "GC Thread#7" [stack: 0x00000017e0400000,0x00000017e0500000] [id=4112]
  0x0000019dbf8ba020 GCTaskThread "GC Thread#8" [stack: 0x00000017e0600000,0x00000017e0700000] [id=7412]
  0x0000019dc06efe80 GCTaskThread "GC Thread#9" [stack: 0x00000017e0700000,0x00000017e0800000] [id=2660]

Threads with active compile tasks:
C2 CompilerThread0     3961 4192 % !   4       java.io.BufferedReader::readLine @ 139 (327 bytes)
C2 CompilerThread1     3961 4163   !   4       org.eclipse.osgi.internal.loader.classpath.ClasspathManager::findLocalClass (210 bytes)
C2 CompilerThread2     3961 4179   !   4       org.eclipse.osgi.internal.loader.classpath.ClasspathManager::findClassImpl (308 bytes)

VM state: not at safepoint (normal execution)

VM Mutex/Monitor currently owned by a thread: None

Heap address: 0x00000000c0000000, size: 1024 MB, Compressed Oops mode: 32-bit

CDS archive(s) not mapped
Compressed class space mapped at: 0x0000000100000000-0x0000000140000000, reserved size: 1073741824
Narrow klass base: 0x0000000000000000, Narrow klass shift: 3, Narrow klass range: 0x140000000

GC Precious Log:
 CPUs: 12 total, 12 available
 Memory: 16016M
 Large Page Support: Disabled
 NUMA Support: Disabled
 Compressed Oops: Enabled (32-bit)
 Alignments: Space 512K, Generation 512K, Heap 2M
 Heap Min Capacity: 100M
 Heap Initial Capacity: 100M
 Heap Max Capacity: 1G
 Pre-touch: Disabled
 Parallel Workers: 10

Heap:
 PSYoungGen      total 24064K, used 1245K [0x00000000eab00000, 0x00000000ec680000, 0x0000000100000000)
  eden space 22528K, 0% used [0x00000000eab00000,0x00000000eab27660,0x00000000ec100000)
  from space 1536K, 70% used [0x00000000ec500000,0x00000000ec610000,0x00000000ec680000)
  to   space 1536K, 0% used [0x00000000ec380000,0x00000000ec380000,0x00000000ec500000)
 ParOldGen       total 68608K, used 16087K [0x00000000c0000000, 0x00000000c4300000, 0x00000000eab00000)
  object space 68608K, 23% used [0x00000000c0000000,0x00000000c0fb5ff0,0x00000000c4300000)
 Metaspace       used 41258K, committed 42176K, reserved 1114112K
  class space    used 4206K, committed 4544K, reserved 1048576K

Card table byte_map: [0x0000019db6700000,0x0000019db6910000] _byte_map_base: 0x0000019db6100000

Marking Bits: (ParMarkBitMap*) 0x00007ff915ce6940
 Begin Bits: [0x0000019db6a70000, 0x0000019db7a70000)
 End Bits:   [0x0000019db7a70000, 0x0000019db8a70000)

Polling page: 0x0000019da4860000

Metaspace:

Usage:
  Non-class:     36.18 MB used.
      Class:      4.11 MB used.
       Both:     40.29 MB used.

Virtual space:
  Non-class space:       64.00 MB reserved,      36.75 MB ( 57%) committed,  1 nodes.
      Class space:        1.00 GB reserved,       4.44 MB ( <1%) committed,  1 nodes.
             Both:        1.06 GB reserved,      41.19 MB (  4%) committed. 

Chunk freelists:
   Non-Class:  10.67 MB
       Class:  11.44 MB
        Both:  22.11 MB

MaxMetaspaceSize: unlimited
CompressedClassSpaceSize: 1.00 GB
Initial GC threshold: 21.00 MB
Current GC threshold: 58.38 MB
CDS: off
MetaspaceReclaimPolicy: balanced
 - commit_granule_bytes: 65536.
 - commit_granule_words: 8192.
 - virtual_space_node_default_size: 8388608.
 - enlarge_chunks_in_place: 1.
 - new_chunks_are_fully_committed: 0.
 - uncommit_free_chunks: 1.
 - use_allocation_guard: 0.
 - handle_deallocations: 1.


Internal statistics:

num_allocs_failed_limit: 6.
num_arena_births: 522.
num_arena_deaths: 14.
num_vsnodes_births: 2.
num_vsnodes_deaths: 0.
num_space_committed: 659.
num_space_uncommitted: 0.
num_chunks_returned_to_freelist: 20.
num_chunks_taken_from_freelist: 1871.
num_chunk_merges: 8.
num_chunk_splits: 1228.
num_chunks_enlarged: 820.
num_inconsistent_stats: 0.

CodeHeap 'non-profiled nmethods': size=120000Kb used=2164Kb max_used=2164Kb free=117835Kb
 bounds [0x0000019daeff0000, 0x0000019daf260000, 0x0000019db6520000]
CodeHeap 'profiled nmethods': size=120000Kb used=9059Kb max_used=9059Kb free=110940Kb
 bounds [0x0000019da7520000, 0x0000019da7e00000, 0x0000019daea50000]
CodeHeap 'non-nmethods': size=5760Kb used=1292Kb max_used=1336Kb free=4467Kb
 bounds [0x0000019daea50000, 0x0000019daecc0000, 0x0000019daeff0000]
 total_blobs=4946 nmethods=4323 adapters=536
 compilation: enabled
              stopped_count=0, restarted_count=0
 full_count=0

Compilation events (20 events):
Event: 3.874 Thread 0x0000019dbdfcee10 4320       3       org.codehaus.plexus.util.xml.pull.MXParser::setNameStart (11 bytes)
Event: 3.875 Thread 0x0000019dbdfcee10 nmethod 4320 0x0000019da7def590 code [0x0000019da7def740, 0x0000019da7def948]
Event: 3.875 Thread 0x0000019dbdfcee10 4321       3       org.codehaus.plexus.util.xml.pull.MXParser::setName (7 bytes)
Event: 3.875 Thread 0x0000019dbdfcee10 nmethod 4321 0x0000019da7defa10 code [0x0000019da7defbc0, 0x0000019da7defd98]
Event: 3.875 Thread 0x0000019dbdfcee10 4322       3       org.codehaus.plexus.util.xml.pull.MXParser::more (106 bytes)
Event: 3.876 Thread 0x0000019dbdfcee10 nmethod 4322 0x0000019da7defe90 code [0x0000019da7df00e0, 0x0000019da7df0898]
Event: 3.876 Thread 0x0000019dbdfcee10 4323       3       org.codehaus.plexus.util.xml.pull.MXParser::isValidCodePoint (64 bytes)
Event: 3.876 Thread 0x0000019dbdfcee10 nmethod 4323 0x0000019da7df0b90 code [0x0000019da7df0d40, 0x0000019da7df1038]
Event: 3.878 Thread 0x0000019dbdfcee10 4324       3       org.codehaus.plexus.util.xml.pull.MXParser::isNameChar (56 bytes)
Event: 3.878 Thread 0x0000019dbdfcee10 nmethod 4324 0x0000019da7df1110 code [0x0000019da7df12c0, 0x0000019da7df1558]
Event: 3.878 Thread 0x0000019dbdfcee10 4325       3       org.codehaus.plexus.util.xml.pull.MXParser::nextImpl (1203 bytes)
Event: 3.881 Thread 0x0000019dbdfcee10 nmethod 4325 0x0000019da7df1610 code [0x0000019da7df1c80, 0x0000019da7df4c88]
Event: 3.881 Thread 0x0000019dbdfcee10 4327       3       org.codehaus.plexus.util.xml.pull.MXParser::next (10 bytes)
Event: 3.881 Thread 0x0000019dbdfcee10 nmethod 4327 0x0000019da7df5b10 code [0x0000019da7df5ca0, 0x0000019da7df5de8]
Event: 3.884 Thread 0x0000019dbdfcee10 4329       3       jdk.internal.org.objectweb.asm.ByteVector::putShort (52 bytes)
Event: 3.885 Thread 0x0000019dbdfcee10 nmethod 4329 0x0000019da7df5e90 code [0x0000019da7df6040, 0x0000019da7df6248]
Event: 3.888 Thread 0x0000019dbdfcee10 4330       3       java.util.stream.ReduceOps$3ReducingSink::accept (15 bytes)
Event: 3.888 Thread 0x0000019dbdfcee10 nmethod 4330 0x0000019da7df6390 code [0x0000019da7df6540, 0x0000019da7df6728]
Event: 3.896 Thread 0x0000019dbdfcee10 4331   !   3       java.util.regex.Pattern::closure (276 bytes)
Event: 3.898 Thread 0x0000019dbdfcee10 nmethod 4331 0x0000019da7df6810 code [0x0000019da7df6c00, 0x0000019da7df8368]

GC Heap History (20 events):
Event: 1.999 GC heap before
{Heap before GC invocations=4 (full 0):
 PSYoungGen      total 29696K, used 29687K [0x00000000eab00000, 0x00000000ecc00000, 0x0000000100000000)
  eden space 25600K, 100% used [0x00000000eab00000,0x00000000ec400000,0x00000000ec400000)
  from space 4096K, 99% used [0x00000000ec400000,0x00000000ec7fdc98,0x00000000ec800000)
  to   space 4096K, 0% used [0x00000000ec800000,0x00000000ec800000,0x00000000ecc00000)
 ParOldGen       total 68608K, used 5433K [0x00000000c0000000, 0x00000000c4300000, 0x00000000eab00000)
  object space 68608K, 7% used [0x00000000c0000000,0x00000000c054e648,0x00000000c4300000)
 Metaspace       used 19601K, committed 19968K, reserved 1114112K
  class space    used 1997K, committed 2176K, reserved 1048576K
}
Event: 2.002 GC heap after
{Heap after GC invocations=4 (full 0):
 PSYoungGen      total 29696K, used 4067K [0x00000000eab00000, 0x00000000ecc00000, 0x0000000100000000)
  eden space 25600K, 0% used [0x00000000eab00000,0x00000000eab00000,0x00000000ec400000)
  from space 4096K, 99% used [0x00000000ec800000,0x00000000ecbf8ed0,0x00000000ecc00000)
  to   space 4096K, 0% used [0x00000000ec400000,0x00000000ec400000,0x00000000ec800000)
 ParOldGen       total 68608K, used 6719K [0x00000000c0000000, 0x00000000c4300000, 0x00000000eab00000)
  object space 68608K, 9% used [0x00000000c0000000,0x00000000c068fc50,0x00000000c4300000)
 Metaspace       used 19601K, committed 19968K, reserved 1114112K
  class space    used 1997K, committed 2176K, reserved 1048576K
}
Event: 2.102 GC heap before
{Heap before GC invocations=5 (full 0):
 PSYoungGen      total 29696K, used 12763K [0x00000000eab00000, 0x00000000ecc00000, 0x0000000100000000)
  eden space 25600K, 33% used [0x00000000eab00000,0x00000000eb37df90,0x00000000ec400000)
  from space 4096K, 99% used [0x00000000ec800000,0x00000000ecbf8ed0,0x00000000ecc00000)
  to   space 4096K, 0% used [0x00000000ec400000,0x00000000ec400000,0x00000000ec800000)
 ParOldGen       total 68608K, used 6719K [0x00000000c0000000, 0x00000000c4300000, 0x00000000eab00000)
  object space 68608K, 9% used [0x00000000c0000000,0x00000000c068fc50,0x00000000c4300000)
 Metaspace       used 21076K, committed 21504K, reserved 1114112K
  class space    used 2129K, committed 2304K, reserved 1048576K
}
Event: 2.104 GC heap after
{Heap after GC invocations=5 (full 0):
 PSYoungGen      total 29696K, used 4094K [0x00000000eab00000, 0x00000000ece00000, 0x0000000100000000)
  eden space 25600K, 0% used [0x00000000eab00000,0x00000000eab00000,0x00000000ec400000)
  from space 4096K, 99% used [0x00000000ec400000,0x00000000ec7ff878,0x00000000ec800000)
  to   space 5120K, 0% used [0x00000000ec900000,0x00000000ec900000,0x00000000ece00000)
 ParOldGen       total 68608K, used 7108K [0x00000000c0000000, 0x00000000c4300000, 0x00000000eab00000)
  object space 68608K, 10% used [0x00000000c0000000,0x00000000c06f10f0,0x00000000c4300000)
 Metaspace       used 21076K, committed 21504K, reserved 1114112K
  class space    used 2129K, committed 2304K, reserved 1048576K
}
Event: 2.104 GC heap before
{Heap before GC invocations=6 (full 1):
 PSYoungGen      total 29696K, used 4094K [0x00000000eab00000, 0x00000000ece00000, 0x0000000100000000)
  eden space 25600K, 0% used [0x00000000eab00000,0x00000000eab00000,0x00000000ec400000)
  from space 4096K, 99% used [0x00000000ec400000,0x00000000ec7ff878,0x00000000ec800000)
  to   space 5120K, 0% used [0x00000000ec900000,0x00000000ec900000,0x00000000ece00000)
 ParOldGen       total 68608K, used 7108K [0x00000000c0000000, 0x00000000c4300000, 0x00000000eab00000)
  object space 68608K, 10% used [0x00000000c0000000,0x00000000c06f10f0,0x00000000c4300000)
 Metaspace       used 21076K, committed 21504K, reserved 1114112K
  class space    used 2129K, committed 2304K, reserved 1048576K
}
Event: 2.120 GC heap after
{Heap after GC invocations=6 (full 1):
 PSYoungGen      total 29696K, used 0K [0x00000000eab00000, 0x00000000ece00000, 0x0000000100000000)
  eden space 25600K, 0% used [0x00000000eab00000,0x00000000eab00000,0x00000000ec400000)
  from space 4096K, 0% used [0x00000000ec400000,0x00000000ec400000,0x00000000ec800000)
  to   space 5120K, 0% used [0x00000000ec900000,0x00000000ec900000,0x00000000ece00000)
 ParOldGen       total 68608K, used 10656K [0x00000000c0000000, 0x00000000c4300000, 0x00000000eab00000)
  object space 68608K, 15% used [0x00000000c0000000,0x00000000c0a681e0,0x00000000c4300000)
 Metaspace       used 21076K, committed 21504K, reserved 1114112K
  class space    used 2129K, committed 2304K, reserved 1048576K
}
Event: 2.567 GC heap before
{Heap before GC invocations=7 (full 1):
 PSYoungGen      total 29696K, used 25600K [0x00000000eab00000, 0x00000000ece00000, 0x0000000100000000)
  eden space 25600K, 100% used [0x00000000eab00000,0x00000000ec400000,0x00000000ec400000)
  from space 4096K, 0% used [0x00000000ec400000,0x00000000ec400000,0x00000000ec800000)
  to   space 5120K, 0% used [0x00000000ec900000,0x00000000ec900000,0x00000000ece00000)
 ParOldGen       total 68608K, used 10656K [0x00000000c0000000, 0x00000000c4300000, 0x00000000eab00000)
  object space 68608K, 15% used [0x00000000c0000000,0x00000000c0a681e0,0x00000000c4300000)
 Metaspace       used 24812K, committed 25344K, reserved 1114112K
  class space    used 2528K, committed 2752K, reserved 1048576K
}
Event: 2.570 GC heap after
{Heap after GC invocations=7 (full 1):
 PSYoungGen      total 26624K, used 1359K [0x00000000eab00000, 0x00000000eca80000, 0x0000000100000000)
  eden space 25088K, 0% used [0x00000000eab00000,0x00000000eab00000,0x00000000ec380000)
  from space 1536K, 88% used [0x00000000ec900000,0x00000000eca53c30,0x00000000eca80000)
  to   space 3072K, 0% used [0x00000000ec480000,0x00000000ec480000,0x00000000ec780000)
 ParOldGen       total 68608K, used 10664K [0x00000000c0000000, 0x00000000c4300000, 0x00000000eab00000)
  object space 68608K, 15% used [0x00000000c0000000,0x00000000c0a6a1e0,0x00000000c4300000)
 Metaspace       used 24812K, committed 25344K, reserved 1114112K
  class space    used 2528K, committed 2752K, reserved 1048576K
}
Event: 2.796 GC heap before
{Heap before GC invocations=8 (full 1):
 PSYoungGen      total 26624K, used 26447K [0x00000000eab00000, 0x00000000eca80000, 0x0000000100000000)
  eden space 25088K, 100% used [0x00000000eab00000,0x00000000ec380000,0x00000000ec380000)
  from space 1536K, 88% used [0x00000000ec900000,0x00000000eca53c30,0x00000000eca80000)
  to   space 3072K, 0% used [0x00000000ec480000,0x00000000ec480000,0x00000000ec780000)
 ParOldGen       total 68608K, used 10664K [0x00000000c0000000, 0x00000000c4300000, 0x00000000eab00000)
  object space 68608K, 15% used [0x00000000c0000000,0x00000000c0a6a1e0,0x00000000c4300000)
 Metaspace       used 27393K, committed 28032K, reserved 1114112K
  class space    used 2824K, committed 3072K, reserved 1048576K
}
Event: 2.797 GC heap after
{Heap after GC invocations=8 (full 1):
 PSYoungGen      total 27648K, used 3027K [0x00000000eab00000, 0x00000000eca00000, 0x0000000100000000)
  eden space 24576K, 0% used [0x00000000eab00000,0x00000000eab00000,0x00000000ec300000)
  from space 3072K, 98% used [0x00000000ec480000,0x00000000ec774fa0,0x00000000ec780000)
  to   space 2560K, 0% used [0x00000000ec780000,0x00000000ec780000,0x00000000eca00000)
 ParOldGen       total 68608K, used 10672K [0x00000000c0000000, 0x00000000c4300000, 0x00000000eab00000)
  object space 68608K, 15% used [0x00000000c0000000,0x00000000c0a6c1e0,0x00000000c4300000)
 Metaspace       used 27393K, committed 28032K, reserved 1114112K
  class space    used 2824K, committed 3072K, reserved 1048576K
}
Event: 2.926 GC heap before
{Heap before GC invocations=9 (full 1):
 PSYoungGen      total 27648K, used 27603K [0x00000000eab00000, 0x00000000eca00000, 0x0000000100000000)
  eden space 24576K, 100% used [0x00000000eab00000,0x00000000ec300000,0x00000000ec300000)
  from space 3072K, 98% used [0x00000000ec480000,0x00000000ec774fa0,0x00000000ec780000)
  to   space 2560K, 0% used [0x00000000ec780000,0x00000000ec780000,0x00000000eca00000)
 ParOldGen       total 68608K, used 10672K [0x00000000c0000000, 0x00000000c4300000, 0x00000000eab00000)
  object space 68608K, 15% used [0x00000000c0000000,0x00000000c0a6c1e0,0x00000000c4300000)
 Metaspace       used 29925K, committed 30592K, reserved 1114112K
  class space    used 2999K, committed 3264K, reserved 1048576K
}
Event: 2.928 GC heap after
{Heap after GC invocations=9 (full 1):
 PSYoungGen      total 26624K, used 2541K [0x00000000eab00000, 0x00000000eca80000, 0x0000000100000000)
  eden space 24064K, 0% used [0x00000000eab00000,0x00000000eab00000,0x00000000ec280000)
  from space 2560K, 99% used [0x00000000ec780000,0x00000000ec9fb778,0x00000000eca00000)
  to   space 4096K, 0% used [0x00000000ec280000,0x00000000ec280000,0x00000000ec680000)
 ParOldGen       total 68608K, used 11613K [0x00000000c0000000, 0x00000000c4300000, 0x00000000eab00000)
  object space 68608K, 16% used [0x00000000c0000000,0x00000000c0b57738,0x00000000c4300000)
 Metaspace       used 29925K, committed 30592K, reserved 1114112K
  class space    used 2999K, committed 3264K, reserved 1048576K
}
Event: 3.119 GC heap before
{Heap before GC invocations=10 (full 1):
 PSYoungGen      total 26624K, used 26605K [0x00000000eab00000, 0x00000000eca80000, 0x0000000100000000)
  eden space 24064K, 100% used [0x00000000eab00000,0x00000000ec280000,0x00000000ec280000)
  from space 2560K, 99% used [0x00000000ec780000,0x00000000ec9fb778,0x00000000eca00000)
  to   space 4096K, 0% used [0x00000000ec280000,0x00000000ec280000,0x00000000ec680000)
 ParOldGen       total 68608K, used 11613K [0x00000000c0000000, 0x00000000c4300000, 0x00000000eab00000)
  object space 68608K, 16% used [0x00000000c0000000,0x00000000c0b57738,0x00000000c4300000)
 Metaspace       used 33140K, committed 33856K, reserved 1114112K
  class space    used 3245K, committed 3520K, reserved 1048576K
}
Event: 3.121 GC heap after
{Heap after GC invocations=10 (full 1):
 PSYoungGen      total 27648K, used 3876K [0x00000000eab00000, 0x00000000eca00000, 0x0000000100000000)
  eden space 23552K, 0% used [0x00000000eab00000,0x00000000eab00000,0x00000000ec200000)
  from space 4096K, 94% used [0x00000000ec280000,0x00000000ec6493c0,0x00000000ec680000)
  to   space 3584K, 0% used [0x00000000ec680000,0x00000000ec680000,0x00000000eca00000)
 ParOldGen       total 68608K, used 12404K [0x00000000c0000000, 0x00000000c4300000, 0x00000000eab00000)
  object space 68608K, 18% used [0x00000000c0000000,0x00000000c0c1d218,0x00000000c4300000)
 Metaspace       used 33140K, committed 33856K, reserved 1114112K
  class space    used 3245K, committed 3520K, reserved 1048576K
}
Event: 3.317 GC heap before
{Heap before GC invocations=11 (full 1):
 PSYoungGen      total 27648K, used 26930K [0x00000000eab00000, 0x00000000eca00000, 0x0000000100000000)
  eden space 23552K, 97% used [0x00000000eab00000,0x00000000ec183558,0x00000000ec200000)
  from space 4096K, 94% used [0x00000000ec280000,0x00000000ec6493c0,0x00000000ec680000)
  to   space 3584K, 0% used [0x00000000ec680000,0x00000000ec680000,0x00000000eca00000)
 ParOldGen       total 68608K, used 12404K [0x00000000c0000000, 0x00000000c4300000, 0x00000000eab00000)
  object space 68608K, 18% used [0x00000000c0000000,0x00000000c0c1d218,0x00000000c4300000)
 Metaspace       used 35073K, committed 35840K, reserved 1114112K
  class space    used 3418K, committed 3712K, reserved 1048576K
}
Event: 3.319 GC heap after
{Heap after GC invocations=11 (full 1):
 PSYoungGen      total 26624K, used 2899K [0x00000000eab00000, 0x00000000ec980000, 0x0000000100000000)
  eden space 23552K, 0% used [0x00000000eab00000,0x00000000eab00000,0x00000000ec200000)
  from space 3072K, 94% used [0x00000000ec680000,0x00000000ec954f90,0x00000000ec980000)
  to   space 3584K, 0% used [0x00000000ec280000,0x00000000ec280000,0x00000000ec600000)
 ParOldGen       total 68608K, used 14183K [0x00000000c0000000, 0x00000000c4300000, 0x00000000eab00000)
  object space 68608K, 20% used [0x00000000c0000000,0x00000000c0dd9db8,0x00000000c4300000)
 Metaspace       used 35073K, committed 35840K, reserved 1114112K
  class space    used 3418K, committed 3712K, reserved 1048576K
}
Event: 3.319 GC heap before
{Heap before GC invocations=12 (full 2):
 PSYoungGen      total 26624K, used 2899K [0x00000000eab00000, 0x00000000ec980000, 0x0000000100000000)
  eden space 23552K, 0% used [0x00000000eab00000,0x00000000eab00000,0x00000000ec200000)
  from space 3072K, 94% used [0x00000000ec680000,0x00000000ec954f90,0x00000000ec980000)
  to   space 3584K, 0% used [0x00000000ec280000,0x00000000ec280000,0x00000000ec600000)
 ParOldGen       total 68608K, used 14183K [0x00000000c0000000, 0x00000000c4300000, 0x00000000eab00000)
  object space 68608K, 20% used [0x00000000c0000000,0x00000000c0dd9db8,0x00000000c4300000)
 Metaspace       used 35073K, committed 35840K, reserved 1114112K
  class space    used 3418K, committed 3712K, reserved 1048576K
}
Event: 3.339 GC heap after
{Heap after GC invocations=12 (full 2):
 PSYoungGen      total 26624K, used 0K [0x00000000eab00000, 0x00000000ec980000, 0x0000000100000000)
  eden space 23552K, 0% used [0x00000000eab00000,0x00000000eab00000,0x00000000ec200000)
  from space 3072K, 0% used [0x00000000ec680000,0x00000000ec680000,0x00000000ec980000)
  to   space 3584K, 0% used [0x00000000ec280000,0x00000000ec280000,0x00000000ec600000)
 ParOldGen       total 68608K, used 15155K [0x00000000c0000000, 0x00000000c4300000, 0x00000000eab00000)
  object space 68608K, 22% used [0x00000000c0000000,0x00000000c0eccfc0,0x00000000c4300000)
 Metaspace       used 35060K, committed 35840K, reserved 1114112K
  class space    used 3415K, committed 3712K, reserved 1048576K
}
Event: 3.636 GC heap before
{Heap before GC invocations=13 (full 2):
 PSYoungGen      total 26624K, used 23552K [0x00000000eab00000, 0x00000000ec980000, 0x0000000100000000)
  eden space 23552K, 100% used [0x00000000eab00000,0x00000000ec200000,0x00000000ec200000)
  from space 3072K, 0% used [0x00000000ec680000,0x00000000ec680000,0x00000000ec980000)
  to   space 3584K, 0% used [0x00000000ec280000,0x00000000ec280000,0x00000000ec600000)
 ParOldGen       total 68608K, used 15155K [0x00000000c0000000, 0x00000000c4300000, 0x00000000eab00000)
  object space 68608K, 22% used [0x00000000c0000000,0x00000000c0eccfc0,0x00000000c4300000)
 Metaspace       used 38300K, committed 39104K, reserved 1114112K
  class space    used 3818K, committed 4160K, reserved 1048576K
}
Event: 3.638 GC heap after
{Heap after GC invocations=13 (full 2):
 PSYoungGen      total 24576K, used 1061K [0x00000000eab00000, 0x00000000ec700000, 0x0000000100000000)
  eden space 23040K, 0% used [0x00000000eab00000,0x00000000eab00000,0x00000000ec180000)
  from space 1536K, 69% used [0x00000000ec280000,0x00000000ec389700,0x00000000ec400000)
  to   space 2048K, 0% used [0x00000000ec500000,0x00000000ec500000,0x00000000ec700000)
 ParOldGen       total 68608K, used 15163K [0x00000000c0000000, 0x00000000c4300000, 0x00000000eab00000)
  object space 68608K, 22% used [0x00000000c0000000,0x00000000c0ecefc0,0x00000000c4300000)
 Metaspace       used 38300K, committed 39104K, reserved 1114112K
  class space    used 3818K, committed 4160K, reserved 1048576K
}

Dll operation events (10 events):
Event: 0.012 Loaded shared library c:\Users\sureshbabu\.vscode\extensions\redhat.java-1.38.0-win32-x64\jre\17.0.13-win32-x86_64\bin\java.dll
Event: 0.139 Loaded shared library c:\Users\sureshbabu\.vscode\extensions\redhat.java-1.38.0-win32-x64\jre\17.0.13-win32-x86_64\bin\zip.dll
Event: 0.142 Loaded shared library C:\Users\sureshbabu\.vscode\extensions\redhat.java-1.38.0-win32-x64\jre\17.0.13-win32-x86_64\bin\instrument.dll
Event: 0.154 Loaded shared library C:\Users\sureshbabu\.vscode\extensions\redhat.java-1.38.0-win32-x64\jre\17.0.13-win32-x86_64\bin\net.dll
Event: 0.156 Loaded shared library C:\Users\sureshbabu\.vscode\extensions\redhat.java-1.38.0-win32-x64\jre\17.0.13-win32-x86_64\bin\nio.dll
Event: 0.162 Loaded shared library C:\Users\sureshbabu\.vscode\extensions\redhat.java-1.38.0-win32-x64\jre\17.0.13-win32-x86_64\bin\zip.dll
Event: 0.176 Loaded shared library C:\Users\sureshbabu\.vscode\extensions\redhat.java-1.38.0-win32-x64\jre\17.0.13-win32-x86_64\bin\jimage.dll
Event: 0.270 Loaded shared library c:\Users\sureshbabu\.vscode\extensions\redhat.java-1.38.0-win32-x64\jre\17.0.13-win32-x86_64\bin\verify.dll
Event: 1.214 Loaded shared library C:\Users\sureshbabu\AppData\Roaming\Code\User\globalStorage\redhat.java\1.38.0\config_win\org.eclipse.equinox.launcher\org.eclipse.equinox.launcher.win32.win32.x86_64_1.2.1100.v20240722-2106\eclipse_11904.dll
Event: 2.444 Loaded shared library C:\Users\sureshbabu\AppData\Local\Temp\jna-1803864316\jna7550252347935305216.dll

Deoptimization events (20 events):
Event: 3.866 Thread 0x0000019dc08d7f20 Uncommon trap: trap_request=0xffffff45 fr.pc=0x0000019daf136004 relative=0x00000000000007c4
Event: 3.866 Thread 0x0000019dc08d7f20 Uncommon trap: reason=unstable_if action=reinterpret pc=0x0000019daf136004 method=java.io.BufferedInputStream.read([BII)I @ 31 c2
Event: 3.866 Thread 0x0000019dc08d7f20 DEOPT PACKING pc=0x0000019daf136004 sp=0x00000017e0dfe6b0
Event: 3.866 Thread 0x0000019dc08d7f20 DEOPT UNPACKING pc=0x0000019daeaa66a3 sp=0x00000017e0dfe688 mode 2
Event: 3.866 Thread 0x0000019dc08d7f20 Uncommon trap: trap_request=0xffffffde fr.pc=0x0000019daf1811b0 relative=0x0000000000000090
Event: 3.867 Thread 0x0000019dc08d7f20 Uncommon trap: reason=class_check action=maybe_recompile pc=0x0000019daf1811b0 method=java.lang.Character.codePointAt(Ljava/lang/CharSequence;I)I @ 2 c2
Event: 3.867 Thread 0x0000019dc08d7f20 DEOPT PACKING pc=0x0000019daf1811b0 sp=0x00000017e0dfe4d0
Event: 3.867 Thread 0x0000019dc08d7f20 DEOPT UNPACKING pc=0x0000019daeaa66a3 sp=0x00000017e0dfe458 mode 2
Event: 3.867 Thread 0x0000019dc08d7f20 Uncommon trap: trap_request=0xffffffde fr.pc=0x0000019daf1811b0 relative=0x0000000000000090
Event: 3.867 Thread 0x0000019dc08d7f20 Uncommon trap: reason=class_check action=maybe_recompile pc=0x0000019daf1811b0 method=java.lang.Character.codePointAt(Ljava/lang/CharSequence;I)I @ 2 c2
Event: 3.867 Thread 0x0000019dc08d7f20 DEOPT PACKING pc=0x0000019daf1811b0 sp=0x00000017e0dfe4d0
Event: 3.867 Thread 0x0000019dc08d7f20 DEOPT UNPACKING pc=0x0000019daeaa66a3 sp=0x00000017e0dfe458 mode 2
Event: 3.867 Thread 0x0000019dc08d7f20 Uncommon trap: trap_request=0xffffffde fr.pc=0x0000019daf1811b0 relative=0x0000000000000090
Event: 3.867 Thread 0x0000019dc08d7f20 Uncommon trap: reason=class_check action=maybe_recompile pc=0x0000019daf1811b0 method=java.lang.Character.codePointAt(Ljava/lang/CharSequence;I)I @ 2 c2
Event: 3.867 Thread 0x0000019dc08d7f20 DEOPT PACKING pc=0x0000019daf1811b0 sp=0x00000017e0dfe4d0
Event: 3.867 Thread 0x0000019dc08d7f20 DEOPT UNPACKING pc=0x0000019daeaa66a3 sp=0x00000017e0dfe458 mode 2
Event: 3.867 Thread 0x0000019dc08d7f20 Uncommon trap: trap_request=0xffffffde fr.pc=0x0000019daf1811b0 relative=0x0000000000000090
Event: 3.867 Thread 0x0000019dc08d7f20 Uncommon trap: reason=class_check action=maybe_recompile pc=0x0000019daf1811b0 method=java.lang.Character.codePointAt(Ljava/lang/CharSequence;I)I @ 2 c2
Event: 3.867 Thread 0x0000019dc08d7f20 DEOPT PACKING pc=0x0000019daf1811b0 sp=0x00000017e0dfe4d0
Event: 3.867 Thread 0x0000019dc08d7f20 DEOPT UNPACKING pc=0x0000019daeaa66a3 sp=0x00000017e0dfe458 mode 2

Classes loaded (20 events):
Event: 3.836 Loading class java/lang/runtime/ObjectMethods$1
Event: 3.836 Loading class java/lang/runtime/ObjectMethods$1 done
Event: 3.842 Loading class java/lang/invoke/DirectMethodHandle$1
Event: 3.842 Loading class java/lang/invoke/DirectMethodHandle$1 done
Event: 3.850 Loading class java/util/AbstractList$RandomAccessSubList
Event: 3.850 Loading class java/util/AbstractList$SubList
Event: 3.850 Loading class java/util/AbstractList$SubList done
Event: 3.850 Loading class java/util/AbstractList$RandomAccessSubList done
Event: 3.850 Loading class java/util/AbstractList$ListItr
Event: 3.851 Loading class java/util/AbstractList$ListItr done
Event: 3.852 Loading class java/util/AbstractList$SubList$1
Event: 3.852 Loading class java/util/AbstractList$SubList$1 done
Event: 3.853 Loading class java/lang/invoke/MethodHandleImpl$CountingWrapper
Event: 3.854 Loading class java/lang/invoke/MethodHandleImpl$CountingWrapper done
Event: 3.901 Loading class java/util/concurrent/atomic/AtomicReferenceFieldUpdater
Event: 3.901 Loading class java/util/concurrent/atomic/AtomicReferenceFieldUpdater done
Event: 3.901 Loading class java/util/concurrent/atomic/AtomicReferenceFieldUpdater$AtomicReferenceFieldUpdaterImpl
Event: 3.902 Loading class java/util/concurrent/atomic/AtomicReferenceFieldUpdater$AtomicReferenceFieldUpdaterImpl done
Event: 3.902 Loading class java/util/concurrent/atomic/AtomicReferenceFieldUpdater$AtomicReferenceFieldUpdaterImpl$1
Event: 3.902 Loading class java/util/concurrent/atomic/AtomicReferenceFieldUpdater$AtomicReferenceFieldUpdaterImpl$1 done

Classes unloaded (7 events):
Event: 3.322 Thread 0x0000019da485ecf0 Unloading class 0x0000000100258000 'java/lang/invoke/LambdaForm$MH+0x0000000100258000'
Event: 3.322 Thread 0x0000019da485ecf0 Unloading class 0x0000000100257c00 'java/lang/invoke/LambdaForm$MH+0x0000000100257c00'
Event: 3.322 Thread 0x0000019da485ecf0 Unloading class 0x0000000100257800 'java/lang/invoke/LambdaForm$MH+0x0000000100257800'
Event: 3.322 Thread 0x0000019da485ecf0 Unloading class 0x0000000100257400 'java/lang/invoke/LambdaForm$MH+0x0000000100257400'
Event: 3.322 Thread 0x0000019da485ecf0 Unloading class 0x0000000100257000 'java/lang/invoke/LambdaForm$BMH+0x0000000100257000'
Event: 3.322 Thread 0x0000019da485ecf0 Unloading class 0x0000000100256c00 'java/lang/invoke/LambdaForm$DMH+0x0000000100256c00'
Event: 3.322 Thread 0x0000019da485ecf0 Unloading class 0x0000000100254400 'java/lang/invoke/LambdaForm$DMH+0x0000000100254400'

Classes redefined (0 events):
No events

Internal exceptions (20 events):
Event: 3.574 Thread 0x0000019da47b0e50 Exception <a 'java/lang/NoSuchMethodError'{0x00000000ebdb9378}: 'void java.lang.invoke.DirectMethodHandle$Holder.invokeStatic(java.lang.Object, java.lang.Object, java.lang.Object, java.lang.Object)'> (0x00000000ebdb9378) 
thrown [s\src\hotspot\share\interpreter\linkResolver.cpp, line 759]
Event: 3.698 Thread 0x0000019da47b0e50 Exception <a 'java/lang/NoSuchMethodError'{0x00000000eb1fd6e8}: 'void java.lang.invoke.DirectMethodHandle$Holder.invokeSpecial(java.lang.Object, java.lang.Object, java.lang.Object, java.lang.Object, java.lang.Object, java.lang.Object)'> (0x00000000eb1fd6e8) 
thrown [s\src\hotspot\share\interpreter\linkResolver.cpp, line 759]
Event: 3.699 Thread 0x0000019da47b0e50 Exception <a 'java/lang/IncompatibleClassChangeError'{0x00000000eb206f98}: Found class java.lang.Object, but interface was expected> (0x00000000eb206f98) 
thrown [s\src\hotspot\share\interpreter\linkResolver.cpp, line 826]
Event: 3.825 Thread 0x0000019dc08d7f20 Exception <a 'java/lang/NoSuchMethodError'{0x00000000eb9d2fe0}: 'java.lang.Object java.lang.invoke.DirectMethodHandle$Holder.invokeStaticInit(java.lang.Object, java.lang.Object, java.lang.Object, java.lang.Object, java.lang.Object, java.lang.Object, java.lang.Object)'> (0x00000000eb9d2fe0) 
thrown [s\src\hotspot\share\interpreter\linkResolver.cpp, line 759]
Event: 3.828 Thread 0x0000019dc08d7f20 Exception <a 'java/lang/NoSuchMethodError'{0x00000000eba25450}: 'java.lang.Object java.lang.invoke.DirectMethodHandle$Holder.invokeSpecial(java.lang.Object, java.lang.Object, java.lang.Object, java.lang.Object, java.lang.Object, java.lang.Object, java.lang.Object, java.lang.Object, java.lang.Object)'> (0x00000000eba25450) 
thrown [s\src\hotspot\share\interpreter\linkResolver.cpp, line 759]
Event: 3.829 Thread 0x0000019dc08d7f20 Exception <a 'java/lang/NoSuchMethodError'{0x00000000eba29e48}: 'java.lang.Object java.lang.invoke.Invokers$Holder.invoke_MT(java.lang.Object, java.lang.Object, java.lang.Object, java.lang.Object, java.lang.Object, java.lang.Object, java.lang.Object, java.lang.Object, java.lang.Object)'> (0x00000000eba29e48) 
thrown [s\src\hotspot\share\interpreter\linkResolver.cpp, line 759]
Event: 3.836 Thread 0x0000019dc08d7f20 Exception <a 'java/lang/NoSuchMethodError'{0x00000000ebaa89b8}: 'int java.lang.invoke.DirectMethodHandle$Holder.invokeVirtual(java.lang.Object, java.lang.Object, java.lang.Object)'> (0x00000000ebaa89b8) 
thrown [s\src\hotspot\share\interpreter\linkResolver.cpp, line 759]
Event: 3.837 Thread 0x0000019dc08d7f20 Exception <a 'java/lang/NoSuchMethodError'{0x00000000ebab58a0}: 'int java.lang.invoke.DirectMethodHandle$Holder.invokeVirtual(java.lang.Object, java.lang.Object)'> (0x00000000ebab58a0) 
thrown [s\src\hotspot\share\interpreter\linkResolver.cpp, line 759]
Event: 3.837 Thread 0x0000019dc08d7f20 Exception <a 'java/lang/NoSuchMethodError'{0x00000000ebab9b38}: 'int java.lang.invoke.DirectMethodHandle$Holder.invokeStaticInit(java.lang.Object, int, int)'> (0x00000000ebab9b38) 
thrown [s\src\hotspot\share\interpreter\linkResolver.cpp, line 759]
Event: 3.838 Thread 0x0000019dc08d7f20 Exception <a 'java/lang/NoSuchMethodError'{0x00000000ebadd838}: 'int java.lang.invoke.DirectMethodHandle$Holder.invokeStaticInit(java.lang.Object, long, long)'> (0x00000000ebadd838) 
thrown [s\src\hotspot\share\interpreter\linkResolver.cpp, line 759]
Event: 3.839 Thread 0x0000019dc08d7f20 Exception <a 'java/lang/NoSuchMethodError'{0x00000000ebaeb848}: 'int java.lang.invoke.DirectMethodHandle$Holder.invokeStaticInit(java.lang.Object, float, float)'> (0x00000000ebaeb848) 
thrown [s\src\hotspot\share\interpreter\linkResolver.cpp, line 759]
Event: 3.840 Thread 0x0000019dc08d7f20 Exception <a 'java/lang/NoSuchMethodError'{0x00000000ebb00168}: 'int java.lang.invoke.DirectMethodHandle$Holder.invokeStaticInit(java.lang.Object, double, double)'> (0x00000000ebb00168) 
thrown [s\src\hotspot\share\interpreter\linkResolver.cpp, line 759]
Event: 3.841 Thread 0x0000019dc08d7f20 Exception <a 'java/lang/NoSuchMethodError'{0x00000000ebb04770}: 'int java.lang.invoke.DirectMethodHandle$Holder.invokeStatic(java.lang.Object, long)'> (0x00000000ebb04770) 
thrown [s\src\hotspot\share\interpreter\linkResolver.cpp, line 759]
Event: 3.845 Thread 0x0000019dc08d6ff0 Exception <a 'java/lang/NoSuchMethodError'{0x00000000ebb44080}: 'int java.lang.invoke.Invokers$Holder.linkToTargetMethod(java.lang.Object, java.lang.Object)'> (0x00000000ebb44080) 
thrown [s\src\hotspot\share\interpreter\linkResolver.cpp, line 759]
Event: 3.845 Thread 0x0000019dc08d7f20 Exception <a 'java/lang/NoSuchMethodError'{0x00000000ebb3ab68}: 'int java.lang.invoke.Invokers$Holder.linkToTargetMethod(java.lang.Object, java.lang.Object)'> (0x00000000ebb3ab68) 
thrown [s\src\hotspot\share\interpreter\linkResolver.cpp, line 759]
Event: 3.847 Thread 0x0000019dc08d6ff0 Exception <a 'java/lang/NoSuchMethodError'{0x00000000ebb5eae0}: 'int java.lang.invoke.DirectMethodHandle$Holder.invokeSpecial(java.lang.Object, java.lang.Object, java.lang.Object, java.lang.Object)'> (0x00000000ebb5eae0) 
thrown [s\src\hotspot\share\interpreter\linkResolver.cpp, line 759]
Event: 3.853 Thread 0x0000019dc08d6ff0 Exception <a 'java/lang/NoSuchMethodError'{0x00000000ebb8f750}: 'java.lang.Object java.lang.invoke.DirectMethodHandle$Holder.invokeStatic(java.lang.Object, int, java.lang.Object, java.lang.Object)'> (0x00000000ebb8f750) 
thrown [s\src\hotspot\share\interpreter\linkResolver.cpp, line 759]
Event: 3.853 Thread 0x0000019dc08d6ff0 Exception <a 'java/lang/NoSuchMethodError'{0x00000000ebb9c070}: 'java.lang.Object java.lang.invoke.DelegatingMethodHandle$Holder.delegate(java.lang.Object, int, java.lang.Object, java.lang.Object)'> (0x00000000ebb9c070) 
thrown [s\src\hotspot\share\interpreter\linkResolver.cpp, line 759]
Event: 3.857 Thread 0x0000019dc08d6ff0 Exception <a 'java/lang/NoSuchMethodError'{0x00000000ebbd3878}: 'int java.lang.invoke.Invokers$Holder.linkToTargetMethod(java.lang.Object, java.lang.Object, java.lang.Object)'> (0x00000000ebbd3878) 
thrown [s\src\hotspot\share\interpreter\linkResolver.cpp, line 759]
Event: 3.886 Thread 0x0000019dc08d7f20 Exception <a 'java/lang/NoSuchMethodError'{0x00000000ebd03df8}: 'java.lang.Object java.lang.invoke.DirectMethodHandle$Holder.invokeSpecialIFC(java.lang.Object, java.lang.Object, java.lang.Object, java.lang.Object)'> (0x00000000ebd03df8) 
thrown [s\src\hotspot\share\interpreter\linkResolver.cpp, line 759]

VM Operations (20 events):
Event: 3.229 Executing VM operation: HandshakeAllThreads
Event: 3.229 Executing VM operation: HandshakeAllThreads done
Event: 3.285 Executing VM operation: HandshakeAllThreads
Event: 3.285 Executing VM operation: HandshakeAllThreads done
Event: 3.317 Executing VM operation: CollectForMetadataAllocation
Event: 3.339 Executing VM operation: CollectForMetadataAllocation done
Event: 3.343 Executing VM operation: HandshakeAllThreads
Event: 3.343 Executing VM operation: HandshakeAllThreads done
Event: 3.347 Executing VM operation: HandshakeAllThreads
Event: 3.347 Executing VM operation: HandshakeAllThreads done
Event: 3.376 Executing VM operation: HandshakeAllThreads
Event: 3.376 Executing VM operation: HandshakeAllThreads done
Event: 3.408 Executing VM operation: HandshakeAllThreads
Event: 3.408 Executing VM operation: HandshakeAllThreads done
Event: 3.636 Executing VM operation: ParallelGCFailedAllocation
Event: 3.638 Executing VM operation: ParallelGCFailedAllocation done
Event: 3.851 Executing VM operation: HandshakeAllThreads
Event: 3.851 Executing VM operation: HandshakeAllThreads done
Event: 3.855 Executing VM operation: HandshakeAllThreads
Event: 3.855 Executing VM operation: HandshakeAllThreads done

Memory protections (0 events):
No events

Nmethod flushes (0 events):
No events

Events (20 events):
Event: 2.486 Thread 0x0000019dc02ccb90 Thread added: 0x0000019dc08d6ff0
Event: 2.504 Thread 0x0000019dc02ccb90 Thread added: 0x0000019dc08d7f20
Event: 3.209 Thread 0x0000019dc02ccb90 Thread added: 0x0000019dc08d7500
Event: 3.534 Thread 0x0000019da47b0e50 Thread added: 0x0000019dc08d7a10
Event: 3.534 Thread 0x0000019da47b0e50 Thread added: 0x0000019dc08d8940
Event: 3.534 Thread 0x0000019da47b0e50 Thread added: 0x0000019dc08d56a0
Event: 3.534 Thread 0x0000019da47b0e50 Thread added: 0x0000019dc08d60c0
Event: 3.534 Thread 0x0000019da47b0e50 Thread added: 0x0000019dc30983d0
Event: 3.534 Thread 0x0000019da47b0e50 Thread added: 0x0000019dc30979b0
Event: 3.534 Thread 0x0000019da47b0e50 Thread added: 0x0000019dc3095640
Event: 3.534 Thread 0x0000019da47b0e50 Thread added: 0x0000019dc3096a80
Event: 3.534 Thread 0x0000019da47b0e50 Thread added: 0x0000019dc30974a0
Event: 3.534 Thread 0x0000019da47b0e50 Thread added: 0x0000019dc3097ec0
Event: 3.535 Thread 0x0000019da47b0e50 Thread added: 0x0000019dc3096f90
Event: 3.535 Thread 0x0000019da47b0e50 Thread added: 0x0000019dc3096570
Event: 3.535 Thread 0x0000019da47b0e50 Thread added: 0x0000019dc3098df0
Event: 3.554 Thread 0x0000019da47b0e50 Thread added: 0x0000019dc30988e0
Event: 3.714 Thread 0x0000019da47b0e50 Thread added: 0x0000019dc3095b50
Event: 3.714 Thread 0x0000019da47b0e50 Thread added: 0x0000019dc3099810
Event: 3.822 Thread 0x0000019dc08d7f20 Thread added: 0x0000019dc3096060


Dynamic libraries:
0x00007ff653350000 - 0x00007ff65335e000 	c:\Users\sureshbabu\.vscode\extensions\redhat.java-1.38.0-win32-x64\jre\17.0.13-win32-x86_64\bin\java.exe
0x00007ff9d9a80000 - 0x00007ff9d9ce3000 	C:\WINDOWS\SYSTEM32\ntdll.dll
0x00007ff9d8590000 - 0x00007ff9d8658000 	C:\WINDOWS\System32\KERNEL32.DLL
0x00007ff9d7100000 - 0x00007ff9d74b2000 	C:\WINDOWS\System32\KERNELBASE.dll
0x00007ff9d6f20000 - 0x00007ff9d706b000 	C:\WINDOWS\System32\ucrtbase.dll
0x00007ff9aa710000 - 0x00007ff9aa727000 	c:\Users\sureshbabu\.vscode\extensions\redhat.java-1.38.0-win32-x64\jre\17.0.13-win32-x86_64\bin\jli.dll
0x00007ff9aa6f0000 - 0x00007ff9aa70e000 	c:\Users\sureshbabu\.vscode\extensions\redhat.java-1.38.0-win32-x64\jre\17.0.13-win32-x86_64\bin\VCRUNTIME140.dll
0x00007ff9d7990000 - 0x00007ff9d7b58000 	C:\WINDOWS\System32\USER32.dll
0x00007ff9d6ef0000 - 0x00007ff9d6f17000 	C:\WINDOWS\System32\win32u.dll
0x00007ff9b1d00000 - 0x00007ff9b1f90000 	C:\WINDOWS\WinSxS\amd64_microsoft.windows.common-controls_6595b64144ccf1df_6.0.26100.2454_none_3e0b68a2e331ad60\COMCTL32.dll
0x00007ff9d9250000 - 0x00007ff9d927a000 	C:\WINDOWS\System32\GDI32.dll
0x00007ff9d83d0000 - 0x00007ff9d8479000 	C:\WINDOWS\System32\msvcrt.dll
0x00007ff9d74c0000 - 0x00007ff9d75eb000 	C:\WINDOWS\System32\gdi32full.dll
0x00007ff9d7830000 - 0x00007ff9d78d3000 	C:\WINDOWS\System32\msvcp_win.dll
0x00007ff9d7e20000 - 0x00007ff9d7e4f000 	C:\WINDOWS\System32\IMM32.DLL
0x00007ff9c8850000 - 0x00007ff9c885c000 	c:\Users\sureshbabu\.vscode\extensions\redhat.java-1.38.0-win32-x64\jre\17.0.13-win32-x86_64\bin\vcruntime140_1.dll
0x00007ff987c30000 - 0x00007ff987cbd000 	c:\Users\sureshbabu\.vscode\extensions\redhat.java-1.38.0-win32-x64\jre\17.0.13-win32-x86_64\bin\msvcp140.dll
0x00007ff915140000 - 0x00007ff915dab000 	c:\Users\sureshbabu\.vscode\extensions\redhat.java-1.38.0-win32-x64\jre\17.0.13-win32-x86_64\bin\server\jvm.dll
0x00007ff9d8ff0000 - 0x00007ff9d90a4000 	C:\WINDOWS\System32\ADVAPI32.dll
0x00007ff9d8830000 - 0x00007ff9d88d6000 	C:\WINDOWS\System32\sechost.dll
0x00007ff9d90b0000 - 0x00007ff9d91c6000 	C:\WINDOWS\System32\RPCRT4.dll
0x00007ff9d8510000 - 0x00007ff9d8584000 	C:\WINDOWS\System32\WS2_32.dll
0x00007ff9d6ce0000 - 0x00007ff9d6d2e000 	C:\WINDOWS\SYSTEM32\POWRPROF.dll
0x00007ff9cb290000 - 0x00007ff9cb2c6000 	C:\WINDOWS\SYSTEM32\WINMM.dll
0x00007ff9c8d00000 - 0x00007ff9c8d0b000 	C:\WINDOWS\SYSTEM32\VERSION.dll
0x00007ff9d6cc0000 - 0x00007ff9d6cd4000 	C:\WINDOWS\SYSTEM32\UMPDC.dll
0x00007ff9d5c20000 - 0x00007ff9d5c3a000 	C:\WINDOWS\SYSTEM32\kernel.appcore.dll
0x00007ff9b2fa0000 - 0x00007ff9b2faa000 	c:\Users\sureshbabu\.vscode\extensions\redhat.java-1.38.0-win32-x64\jre\17.0.13-win32-x86_64\bin\jimage.dll
0x00007ff9d4520000 - 0x00007ff9d4761000 	C:\WINDOWS\SYSTEM32\DBGHELP.DLL
0x00007ff9d7e60000 - 0x00007ff9d81de000 	C:\WINDOWS\System32\combase.dll
0x00007ff9d8750000 - 0x00007ff9d8826000 	C:\WINDOWS\System32\OLEAUT32.dll
0x00007ff9a7260000 - 0x00007ff9a7299000 	C:\WINDOWS\SYSTEM32\dbgcore.DLL
0x00007ff9d6e50000 - 0x00007ff9d6ee9000 	C:\WINDOWS\System32\bcryptPrimitives.dll
0x00007ff9b2f50000 - 0x00007ff9b2f5e000 	c:\Users\sureshbabu\.vscode\extensions\redhat.java-1.38.0-win32-x64\jre\17.0.13-win32-x86_64\bin\instrument.dll
0x00007ff9aa6c0000 - 0x00007ff9aa6e5000 	c:\Users\sureshbabu\.vscode\extensions\redhat.java-1.38.0-win32-x64\jre\17.0.13-win32-x86_64\bin\java.dll
0x00007ff9aa6a0000 - 0x00007ff9aa6b8000 	c:\Users\sureshbabu\.vscode\extensions\redhat.java-1.38.0-win32-x64\jre\17.0.13-win32-x86_64\bin\zip.dll
0x00007ff9d9280000 - 0x00007ff9d9980000 	C:\WINDOWS\System32\SHELL32.dll
0x00007ff9d4af0000 - 0x00007ff9d5321000 	C:\WINDOWS\SYSTEM32\windows.storage.dll
0x00007ff9d8f10000 - 0x00007ff9d8fea000 	C:\WINDOWS\System32\SHCORE.dll
0x00007ff9d7930000 - 0x00007ff9d798d000 	C:\WINDOWS\System32\shlwapi.dll
0x00007ff9d6d60000 - 0x00007ff9d6d8e000 	C:\WINDOWS\SYSTEM32\profapi.dll
0x00007ff9aa680000 - 0x00007ff9aa699000 	C:\Users\sureshbabu\.vscode\extensions\redhat.java-1.38.0-win32-x64\jre\17.0.13-win32-x86_64\bin\net.dll
0x00007ff9cef30000 - 0x00007ff9cf056000 	C:\WINDOWS\SYSTEM32\WINHTTP.dll
0x00007ff9d6100000 - 0x00007ff9d6168000 	C:\WINDOWS\system32\mswsock.dll
0x00007ff9914a0000 - 0x00007ff9914b6000 	C:\Users\sureshbabu\.vscode\extensions\redhat.java-1.38.0-win32-x64\jre\17.0.13-win32-x86_64\bin\nio.dll
0x00007ff9b2430000 - 0x00007ff9b2440000 	c:\Users\sureshbabu\.vscode\extensions\redhat.java-1.38.0-win32-x64\jre\17.0.13-win32-x86_64\bin\verify.dll
0x00007ff903590000 - 0x00007ff9035d5000 	C:\Users\sureshbabu\AppData\Roaming\Code\User\globalStorage\redhat.java\1.38.0\config_win\org.eclipse.equinox.launcher\org.eclipse.equinox.launcher.win32.win32.x86_64_1.2.1100.v20240722-2106\eclipse_11904.dll
0x00007ff9d7b80000 - 0x00007ff9d7d19000 	C:\WINDOWS\System32\ole32.dll
0x00007ff9d64b0000 - 0x00007ff9d64cc000 	C:\WINDOWS\SYSTEM32\CRYPTSP.dll
0x00007ff9d5b80000 - 0x00007ff9d5bb8000 	C:\WINDOWS\system32\rsaenh.dll
0x00007ff9d61a0000 - 0x00007ff9d61cb000 	C:\WINDOWS\SYSTEM32\USERENV.dll
0x00007ff9d6670000 - 0x00007ff9d6696000 	C:\WINDOWS\SYSTEM32\bcrypt.dll
0x00007ff9d6330000 - 0x00007ff9d633c000 	C:\WINDOWS\SYSTEM32\CRYPTBASE.dll
0x00007ff9d5640000 - 0x00007ff9d5672000 	C:\WINDOWS\SYSTEM32\IPHLPAPI.DLL
0x00007ff9d7e10000 - 0x00007ff9d7e1a000 	C:\WINDOWS\System32\NSI.dll
0x00007ff9cf100000 - 0x00007ff9cf11e000 	C:\WINDOWS\SYSTEM32\dhcpcsvc6.DLL
0x00007ff9cf0d0000 - 0x00007ff9cf0f5000 	C:\WINDOWS\SYSTEM32\dhcpcsvc.DLL
0x00007ff9d5680000 - 0x00007ff9d57a5000 	C:\WINDOWS\SYSTEM32\DNSAPI.dll
0x00007ff9037e0000 - 0x00007ff903829000 	C:\Users\sureshbabu\AppData\Local\Temp\jna-1803864316\jna7550252347935305216.dll
0x00007ff9d8660000 - 0x00007ff9d8668000 	C:\WINDOWS\System32\PSAPI.DLL

dbghelp: loaded successfully - version: 4.0.5 - missing functions: none
symbol engine: initialized successfully - sym options: 0x614 - pdb path: .;c:\Users\sureshbabu\.vscode\extensions\redhat.java-1.38.0-win32-x64\jre\17.0.13-win32-x86_64\bin;C:\WINDOWS\SYSTEM32;C:\WINDOWS\WinSxS\amd64_microsoft.windows.common-controls_6595b64144ccf1df_6.0.26100.2454_none_3e0b68a2e331ad60;c:\Users\sureshbabu\.vscode\extensions\redhat.java-1.38.0-win32-x64\jre\17.0.13-win32-x86_64\bin\server;C:\Users\sureshbabu\AppData\Roaming\Code\User\globalStorage\redhat.java\1.38.0\config_win\org.eclipse.equinox.launcher\org.eclipse.equinox.launcher.win32.win32.x86_64_1.2.1100.v20240722-2106;C:\Users\sureshbabu\AppData\Local\Temp\jna-1803864316

VM Arguments:
jvm_args: --add-modules=ALL-SYSTEM --add-opens=java.base/java.util=ALL-UNNAMED --add-opens=java.base/java.lang=ALL-UNNAMED --add-opens=java.base/sun.nio.fs=ALL-UNNAMED -Declipse.application=org.eclipse.jdt.ls.core.id1 -Dosgi.bundles.defaultStartLevel=4 -Declipse.product=org.eclipse.jdt.ls.core.product -Djava.import.generatesMetadataFilesAtProjectRoot=false -DDetectVMInstallationsJob.disabled=true -Dfile.encoding=utf8 -XX:+UseParallelGC -XX:GCTimeRatio=4 -XX:AdaptiveSizePolicyWeight=90 -Dsun.zip.disableMemoryMapping=true -Xmx1G -Xms100m -Xlog:disable -javaagent:c:\Users\sureshbabu\.vscode\extensions\redhat.java-1.38.0-win32-x64\lombok\lombok-1.18.34.jar -XX:+HeapDumpOnOutOfMemoryError -XX:HeapDumpPath=c:\Users\sureshbabu\AppData\Roaming\Code\User\workspaceStorage\f69f5eef1eb3f792891db10535b10611\redhat.java -Daether.dependencyCollector.impl=bf 
java_command: c:\Users\sureshbabu\.vscode\extensions\redhat.java-1.38.0-win32-x64\server\plugins\org.eclipse.equinox.launcher_1.6.900.v20240613-2009.jar -configuration c:\Users\sureshbabu\AppData\Roaming\Code\User\globalStorage\redhat.java\1.38.0\config_win -data c:\Users\sureshbabu\AppData\Roaming\Code\User\workspaceStorage\f69f5eef1eb3f792891db10535b10611\redhat.java\jdt_ws --pipe=\\.\pipe\lsp-2161839352bd6cf2ff191bd1eb97416c-sock
java_class_path (initial): c:\Users\sureshbabu\.vscode\extensions\redhat.java-1.38.0-win32-x64\server\plugins\org.eclipse.equinox.launcher_1.6.900.v20240613-2009.jar
Launcher Type: SUN_STANDARD

[Global flags]
    uintx AdaptiveSizePolicyWeight                 = 90                                        {product} {command line}
     intx CICompilerCount                          = 4                                         {product} {ergonomic}
    uintx GCTimeRatio                              = 4                                         {product} {command line}
     bool HeapDumpOnOutOfMemoryError               = true                                   {manageable} {command line}
    ccstr HeapDumpPath                             = c:\Users\sureshbabu\AppData\Roaming\Code\User\workspaceStorage\f69f5eef1eb3f792891db10535b10611\redhat.java         {manageable} {command line}
   size_t InitialHeapSize                          = 104857600                                 {product} {command line}
   size_t MaxHeapSize                              = 1073741824                                {product} {command line}
   size_t MaxNewSize                               = 357564416                                 {product} {ergonomic}
   size_t MinHeapDeltaBytes                        = 524288                                    {product} {ergonomic}
   size_t MinHeapSize                              = 104857600                                 {product} {command line}
   size_t NewSize                                  = 34603008                                  {product} {ergonomic}
    uintx NonNMethodCodeHeapSize                   = 5839372                                {pd product} {ergonomic}
    uintx NonProfiledCodeHeapSize                  = 122909434                              {pd product} {ergonomic}
   size_t OldSize                                  = 70254592                                  {product} {ergonomic}
    uintx ProfiledCodeHeapSize                     = 122909434                              {pd product} {ergonomic}
    uintx ReservedCodeCacheSize                    = 251658240                              {pd product} {ergonomic}
     bool SegmentedCodeCache                       = true                                      {product} {ergonomic}
   size_t SoftMaxHeapSize                          = 1073741824                             {manageable} {ergonomic}
     bool UseCompressedClassPointers               = true                           {product lp64_product} {ergonomic}
     bool UseCompressedOops                        = true                           {product lp64_product} {ergonomic}
     bool UseLargePagesIndividualAllocation        = false                                  {pd product} {ergonomic}
     bool UseParallelGC                            = true                                      {product} {command line}

Logging:
Log output configuration:
 #0: stdout all=off uptime,level,tags
 #1: stderr all=off uptime,level,tags

Environment Variables:
PATH=C:\Program Files\Eclipse Adoptium\jdk-21.0.4.7-hotspot\bin;C:\Python312\Scripts\;C:\Python312\;C:\WINDOWS\system32;C:\WINDOWS;C:\WINDOWS\system32\Wbem;C:\Python311\Scripts\;C:\Python311\;C:\Program Files (x86)\Common Files\Oracle\Java\javapath;C:\Program Files\Microsoft MPI\Bin\;C:\WINDOWS\System32\WindowsPowerShell\v1.0\;C:\WINDOWS\System32\OpenSSH\;C:\Program Files\Microsoft\Web Platform Installer\;C:\Program Files (x86)\Microsoft ASP.NET\ASP.NET Web Pages\v1.0\;C:\Program Files\Microsoft SQL Server\Client SDK\ODBC\130\Tools\Binn\;C:\Program Files\Microsoft SQL Server\Client SDK\ODBC\170\Tools\Binn\;C:\Program Files\dotnet\;C:\Program Files (x86)\Microsoft SQL Server\160\DTS\Binn\;C:\Program Files\Azure Data Studio\bin;C:\ProgramData\chocolatey\bin;C:\Program Files\Git\cmd;C:\Program Files\PuTTY\;C:\Program Files (x86)\gs\gs10.01.2\bin;C:\Program Files (x86)\Microsoft SQL Server\100\Tools\Binn\;C:\Program Files (x86)\Microsoft SQL Server\100\DTS\Binn\;C:\Program Files\nodejs\;C:\Program Files\PowerShell\7\;C:\WINDOWS\System32\Wbem;C:\Program Files (x86)\Microsoft SQL Server\160\Tools\Binn\;C:\Program Files\Microsoft SQL Server\160\Tools\Binn\;C:\Program Files\Microsoft SQL Server\160\DTS\Binn\;C:\Program Files\Microsoft SQL Server\150\Tools\Binn\;C:\Program Files (x86)\Microsoft Visual Studio\Common\Tools\WinNT;C:\Program Files (x86)\Microsoft Visual Studio\Common\MSDev98\Bin;C:\Program Files (x86)\Microsoft Visual Studio\Common\Tools;C:\Program Files (x86)\Microsoft Visual Studio\VC98\bin;C:\Users\sureshbabu\AppData\Local\Microsoft\WindowsApps;C:\Program Files\Azure Data Studio\bin;C:\Users\sureshbabu\AppData\Local\Programs\Microsoft VS Code\bin;C:\Program Files\New Relic\New Relic CLI\;C:\Users\sureshbabu\.dotnet\tools;C:\Program Files (x86)\TFV;C:\Program Files (x86)\TFV\bin;C:\Users\sureshbabu\AppData\Roaming\npm;C:\Program Files (x86)\Nmap;
USERNAME=sureshbabu
OS=Windows_NT
PROCESSOR_IDENTIFIER=Intel64 Family 6 Model 154 Stepping 4, GenuineIntel
TMP=C:\Users\SURESH~1\AppData\Local\Temp
TEMP=C:\Users\SURESH~1\AppData\Local\Temp



Periodic native trim disabled


---------------  S Y S T E M  ---------------

OS:
 Windows 11 , 64 bit Build 26100 (10.0.26100.2454)
OS uptime: 6 days 6:04 hours
Hyper-V role detected

CPU: total 12 (initial active 12) (6 cores per cpu, 2 threads per core) family 6 model 154 stepping 4 microcode 0x435, cx8, cmov, fxsr, ht, mmx, 3dnowpref, sse, sse2, sse3, ssse3, sse4.1, sse4.2, popcnt, lzcnt, tsc, tscinvbit, avx, avx2, aes, erms, clmul, bmi1, bmi2, adx, sha, fma, vzeroupper, clflush, clflushopt, clwb, hv
Processor Information for processor 0
  Max Mhz: 1700, Current Mhz: 1700, Mhz Limit: 1700
Processor Information for processor 1
  Max Mhz: 1700, Current Mhz: 1700, Mhz Limit: 1700
Processor Information for processor 2
  Max Mhz: 1700, Current Mhz: 1700, Mhz Limit: 1700
Processor Information for processor 3
  Max Mhz: 1700, Current Mhz: 1700, Mhz Limit: 1700
Processor Information for processor 4
  Max Mhz: 1700, Current Mhz: 1700, Mhz Limit: 1700
Processor Information for processor 5
  Max Mhz: 1700, Current Mhz: 1700, Mhz Limit: 1700
Processor Information for processor 6
  Max Mhz: 1700, Current Mhz: 1700, Mhz Limit: 1700
Processor Information for processor 7
  Max Mhz: 1700, Current Mhz: 1700, Mhz Limit: 1700
Processor Information for processor 8
  Max Mhz: 1700, Current Mhz: 1558, Mhz Limit: 1700
Processor Information for processor 9
  Max Mhz: 1700, Current Mhz: 1558, Mhz Limit: 1700
Processor Information for processor 10
  Max Mhz: 1700, Current Mhz: 1700, Mhz Limit: 1700
Processor Information for processor 11
  Max Mhz: 1700, Current Mhz: 1700, Mhz Limit: 1700

Memory: 4k page, system-wide physical 16016M (2226M free)
TotalPageFile size 22174M (AvailPageFile size 4M)
current process WorkingSet (physical memory assigned to process): 196M, peak: 201M
current process commit charge ("private bytes"): 298M, peak: 304M

vm_info: OpenJDK 64-Bit Server VM (17.0.13+11) for windows-amd64 JRE (17.0.13+11), built on Oct 16 2024 00:10:08 by "admin" with MS VC++ 17.7 (VS2022)

END.
