#
# There is insufficient memory for the Java Runtime Environment to continue.
# Native memory allocation (malloc) failed to allocate 306576 bytes. Error detail: Chunk::new
# Possible reasons:
#   The system is out of physical RAM or swap space
#   This process is running with CompressedOops enabled, and the Java Heap may be blocking the growth of the native heap
# Possible solutions:
#   Reduce memory load on the system
#   Increase physical memory or swap space
#   Check if swap backing store is full
#   Decrease Java heap size (-Xmx/-Xms)
#   Decrease number of Java threads
#   Decrease Java thread stack sizes (-Xss)
#   Set larger code cache with -XX:ReservedCodeCacheSize=
#   JVM is running with Unscaled Compressed Oops mode in which the Java heap is
#     placed in the first 4GB address space. The Java Heap base address is the
#     maximum limit for the native heap growth. Please use -XX:HeapBaseMinAddress
#     to set the Java Heap base and to place the Java Heap above 4GB virtual address.
# This output file may be truncated or incomplete.
#
#  Out of Memory Error (arena.cpp:191), pid=11680, tid=6572
#
# JRE version: OpenJDK Runtime Environment Temurin-17.0.13+11 (17.0.13+11) (build 17.0.13+11)
# Java VM: OpenJDK 64-Bit Server VM Temurin-17.0.13+11 (17.0.13+11, mixed mode, tiered, compressed oops, compressed class ptrs, parallel gc, windows-amd64)
# No core dump will be written. Minidumps are not enabled by default on client versions of Windows
#

---------------  S U M M A R Y ------------

Command Line: --add-modules=ALL-SYSTEM --add-opens=java.base/java.util=ALL-UNNAMED --add-opens=java.base/java.lang=ALL-UNNAMED --add-opens=java.base/sun.nio.fs=ALL-UNNAMED -Declipse.application=org.eclipse.jdt.ls.core.id1 -Dosgi.bundles.defaultStartLevel=4 -Declipse.product=org.eclipse.jdt.ls.core.product -Djava.import.generatesMetadataFilesAtProjectRoot=false -DDetectVMInstallationsJob.disabled=true -Dfile.encoding=utf8 -XX:+UseParallelGC -XX:GCTimeRatio=4 -XX:AdaptiveSizePolicyWeight=90 -Dsun.zip.disableMemoryMapping=true -Xmx1G -Xms100m -Xlog:disable -javaagent:c:\Users\sureshbabu\.vscode\extensions\redhat.java-1.38.0-win32-x64\lombok\lombok-1.18.34.jar -XX:+HeapDumpOnOutOfMemoryError -XX:HeapDumpPath=c:\Users\sureshbabu\AppData\Roaming\Code\User\workspaceStorage\f69f5eef1eb3f792891db10535b10611\redhat.java -Daether.dependencyCollector.impl=bf c:\Users\sureshbabu\.vscode\extensions\redhat.java-1.38.0-win32-x64\server\plugins\org.eclipse.equinox.launcher_1.6.900.v20240613-2009.jar -configuration c:\Users\sureshbabu\AppData\Roaming\Code\User\globalStorage\redhat.java\1.38.0\config_win -data c:\Users\sureshbabu\AppData\Roaming\Code\User\workspaceStorage\f69f5eef1eb3f792891db10535b10611\redhat.java\jdt_ws --pipe=\\.\pipe\lsp-4c82ee6c5399424035b371f204967657-sock

Host: 12th Gen Intel(R) Core(TM) i7-1255U, 12 cores, 15G,  Windows 11 , 64 bit Build 26100 (10.0.26100.2454)
Time: Thu Jan  9 15:17:09 2025 India Standard Time elapsed time: 0.406599 seconds (0d 0h 0m 0s)

---------------  T H R E A D  ---------------

Current thread (0x0000024bd298b610):  JavaThread "C2 CompilerThread0" daemon [_thread_in_native, id=6572, stack(0x0000004e6ba00000,0x0000004e6bb00000)]


Current CompileTask:
C2:    406  510       4       lombok.patcher.scripts.MethodLevelPatchScript::patch (21 bytes)

Stack: [0x0000004e6ba00000,0x0000004e6bb00000]
Native frames: (J=compiled Java code, j=interpreted, Vv=VM code, C=native code)
V  [jvm.dll+0x682a19]
V  [jvm.dll+0x839538]
V  [jvm.dll+0x83afe3]
V  [jvm.dll+0x83b653]
V  [jvm.dll+0x24704f]
V  [jvm.dll+0xace34]
V  [jvm.dll+0xad4cc]
V  [jvm.dll+0x2ac84f]
V  [jvm.dll+0x588a79]
V  [jvm.dll+0x220ea2]
V  [jvm.dll+0x22129f]
V  [jvm.dll+0x21a2b0]
V  [jvm.dll+0x21738b]
V  [jvm.dll+0x1a3070]
V  [jvm.dll+0x22788c]
V  [jvm.dll+0x2259eb]
V  [jvm.dll+0x7eec98]
V  [jvm.dll+0x7e8ffc]
V  [jvm.dll+0x6818f7]
C  [ucrtbase.dll+0x14ea0]
C  [KERNEL32.DLL+0x2e8d7]
C  [ntdll.dll+0xdfbcc]


---------------  P R O C E S S  ---------------

Threads class SMR info:
_java_thread_list=0x0000024bd2c489a0, length=13, elements={
0x0000024bb9773fe0, 0x0000024bd2929020, 0x0000024bd292b220, 0x0000024bd2959f20,
0x0000024bd295a7f0, 0x0000024bd295e5e0, 0x0000024bd29621d0, 0x0000024bd298b610,
0x0000024bd298d2e0, 0x0000024bd298ef00, 0x0000024bb97d7980, 0x0000024bd2b3a140,
0x0000024bd4011430
}

Java Threads: ( => current thread )
  0x0000024bb9773fe0 JavaThread "main" [_thread_in_vm, id=25576, stack(0x0000004e6b100000,0x0000004e6b200000)]
  0x0000024bd2929020 JavaThread "Reference Handler" daemon [_thread_blocked, id=3388, stack(0x0000004e6b400000,0x0000004e6b500000)]
  0x0000024bd292b220 JavaThread "Finalizer" daemon [_thread_blocked, id=20348, stack(0x0000004e6b500000,0x0000004e6b600000)]
  0x0000024bd2959f20 JavaThread "Signal Dispatcher" daemon [_thread_blocked, id=12976, stack(0x0000004e6b600000,0x0000004e6b700000)]
  0x0000024bd295a7f0 JavaThread "Attach Listener" daemon [_thread_blocked, id=25836, stack(0x0000004e6b700000,0x0000004e6b800000)]
  0x0000024bd295e5e0 JavaThread "Service Thread" daemon [_thread_blocked, id=1316, stack(0x0000004e6b800000,0x0000004e6b900000)]
  0x0000024bd29621d0 JavaThread "Monitor Deflation Thread" daemon [_thread_blocked, id=24052, stack(0x0000004e6b900000,0x0000004e6ba00000)]
=>0x0000024bd298b610 JavaThread "C2 CompilerThread0" daemon [_thread_in_native, id=6572, stack(0x0000004e6ba00000,0x0000004e6bb00000)]
  0x0000024bd298d2e0 JavaThread "C1 CompilerThread0" daemon [_thread_blocked, id=4312, stack(0x0000004e6bb00000,0x0000004e6bc00000)]
  0x0000024bd298ef00 JavaThread "Sweeper thread" daemon [_thread_blocked, id=27892, stack(0x0000004e6bc00000,0x0000004e6bd00000)]
  0x0000024bb97d7980 JavaThread "Common-Cleaner" daemon [_thread_blocked, id=25212, stack(0x0000004e6bd00000,0x0000004e6be00000)]
  0x0000024bd2b3a140 JavaThread "C2 CompilerThread1" daemon [_thread_in_native, id=6192, stack(0x0000004e6be00000,0x0000004e6bf00000)]
  0x0000024bd4011430 JavaThread "Notification Thread" daemon [_thread_blocked, id=25452, stack(0x0000004e6bf00000,0x0000004e6c000000)]

Other Threads:
  0x0000024bb981ec70 VMThread "VM Thread" [stack: 0x0000004e6b300000,0x0000004e6b400000] [id=17376]
  0x0000024bd3ed8bc0 WatcherThread [stack: 0x0000004e6c000000,0x0000004e6c100000] [id=15020]
  0x0000024bb978b2f0 GCTaskThread "GC Thread#0" [stack: 0x0000004e6b200000,0x0000004e6b300000] [id=22724]

Threads with active compile tasks:
C2 CompilerThread0      420  510       4       lombok.patcher.scripts.MethodLevelPatchScript::patch (21 bytes)
C2 CompilerThread1      420  536       4       lombok.patcher.PatchScript::classMatches (41 bytes)

VM state: not at safepoint (normal execution)

VM Mutex/Monitor currently owned by a thread:  ([mutex/lock_event])
[0x0000024bb9770b20] Metaspace_lock - owner thread: 0x0000024bb9773fe0

Heap address: 0x00000000c0000000, size: 1024 MB, Compressed Oops mode: 32-bit

CDS archive(s) not mapped
Compressed class space mapped at: 0x0000000100000000-0x0000000140000000, reserved size: 1073741824
Narrow klass base: 0x0000000000000000, Narrow klass shift: 3, Narrow klass range: 0x140000000

GC Precious Log:
 CPUs: 12 total, 12 available
 Memory: 16016M
 Large Page Support: Disabled
 NUMA Support: Disabled
 Compressed Oops: Enabled (32-bit)
 Alignments: Space 512K, Generation 512K, Heap 2M
 Heap Min Capacity: 100M
 Heap Initial Capacity: 100M
 Heap Max Capacity: 1G
 Pre-touch: Disabled
 Parallel Workers: 10

Heap:
 PSYoungGen      total 29696K, used 12013K [0x00000000eab00000, 0x00000000ecc00000, 0x0000000100000000)
  eden space 25600K, 46% used [0x00000000eab00000,0x00000000eb6bb4c0,0x00000000ec400000)
  from space 4096K, 0% used [0x00000000ec800000,0x00000000ec800000,0x00000000ecc00000)
  to   space 4096K, 0% used [0x00000000ec400000,0x00000000ec400000,0x00000000ec800000)
 ParOldGen       total 68608K, used 0K [0x00000000c0000000, 0x00000000c4300000, 0x00000000eab00000)
  object space 68608K, 0% used [0x00000000c0000000,0x00000000c0000000,0x00000000c4300000)
 Metaspace       used 8359K, committed 8448K, reserved 1114112K
  class space    used 821K, committed 896K, reserved 1048576K

Card table byte_map: [0x0000024bb9100000,0x0000024bb9310000] _byte_map_base: 0x0000024bb8b00000

Marking Bits: (ParMarkBitMap*) 0x00007ff915ce6940
 Begin Bits: [0x0000024bcb400000, 0x0000024bcc400000)
 End Bits:   [0x0000024bcc400000, 0x0000024bcd400000)

Polling page: 0x0000024bb76b0000

Metaspace:

Usage:
  Non-class:      7.36 MB used.
      Class:    821.62 KB used.
       Both:      8.16 MB used.

Virtual space:
  Non-class space:       64.00 MB reserved,       7.38 MB ( 12%) committed,  1 nodes.
      Class space:        1.00 GB reserved,     896.00 KB ( <1%) committed,  1 nodes.
             Both:        1.06 GB reserved,       8.25 MB ( <1%) committed. 

Chunk freelists:
   Non-Class:  8.00 MB
       Class:  15.09 MB
        Both:  23.09 MB

MaxMetaspaceSize: unlimited
CompressedClassSpaceSize: 1.00 GB
Initial GC threshold: 21.00 MB
Current GC threshold: 21.00 MB
CDS: off
MetaspaceReclaimPolicy: balanced
 - commit_granule_bytes: 65536.
 - commit_granule_words: 8192.
 - virtual_space_node_default_size: 8388608.
 - enlarge_chunks_in_place: 1.
 - new_chunks_are_fully_committed: 0.
 - uncommit_free_chunks: 1.
 - use_allocation_guard: 0.
 - handle_deallocations: 1.


Internal statistics:

num_allocs_failed_limit: 0.
num_arena_births: 10.
num_arena_deaths: 0.
num_vsnodes_births: 2.
num_vsnodes_deaths: 0.
num_space_committed: 132.
num_space_uncommitted: 0.
num_chunks_returned_to_freelist: 0.
num_chunks_taken_from_freelist: 41.
num_chunk_merges: 0.
num_chunk_splits: 23.
num_chunks_enlarged: 22.
num_inconsistent_stats: 0.

CodeHeap 'non-profiled nmethods': size=120000Kb used=188Kb max_used=188Kb free=119811Kb
 bounds [0x0000024bc3ed0000, 0x0000024bc4140000, 0x0000024bcb400000]
CodeHeap 'profiled nmethods': size=120000Kb used=707Kb max_used=707Kb free=119292Kb
 bounds [0x0000024bbc400000, 0x0000024bbc670000, 0x0000024bc3930000]
CodeHeap 'non-nmethods': size=5760Kb used=1128Kb max_used=1136Kb free=4631Kb
 bounds [0x0000024bc3930000, 0x0000024bc3ba0000, 0x0000024bc3ed0000]
 total_blobs=952 nmethods=537 adapters=330
 compilation: enabled
              stopped_count=0, restarted_count=0
 full_count=0

Compilation events (20 events):
Event: 0.395 Thread 0x0000024bd298d2e0  529  s    3       java.io.ByteArrayOutputStream::write (32 bytes)
Event: 0.395 Thread 0x0000024bd298d2e0 nmethod 529 0x0000024bbc4ab890 code [0x0000024bbc4aba40, 0x0000024bbc4abc88]
Event: 0.395 Thread 0x0000024bd298d2e0  530       1       java.math.BigInteger::signum (5 bytes)
Event: 0.395 Thread 0x0000024bd298d2e0 nmethod 530 0x0000024bc3efe310 code [0x0000024bc3efe4a0, 0x0000024bc3efe578]
Event: 0.396 Thread 0x0000024bd2b3a140 nmethod 526 0x0000024bc3efe610 code [0x0000024bc3efe780, 0x0000024bc3efe918]
Event: 0.396 Thread 0x0000024bd2b3a140  527       4       java.math.BigInteger::destructiveMulAdd (150 bytes)
Event: 0.396 Thread 0x0000024bd298d2e0  531       3       java.util.regex.Pattern::isSupplementary (21 bytes)
Event: 0.397 Thread 0x0000024bd298d2e0 nmethod 531 0x0000024bbc4abd90 code [0x0000024bbc4abf40, 0x0000024bbc4ac1b8]
Event: 0.397 Thread 0x0000024bd298d2e0  532       3       java.lang.Character::isSurrogate (18 bytes)
Event: 0.397 Thread 0x0000024bd298d2e0 nmethod 532 0x0000024bbc4ac290 code [0x0000024bbc4ac420, 0x0000024bbc4ac598]
Event: 0.397 Thread 0x0000024bd298d2e0  533   !   3       java.lang.invoke.MemberName::getMethodType (211 bytes)
Event: 0.398 Thread 0x0000024bd298d2e0 nmethod 533 0x0000024bbc4ac610 code [0x0000024bbc4ac900, 0x0000024bbc4add58]
Event: 0.398 Thread 0x0000024bd298d2e0  535       3       java.util.regex.Pattern::peek (26 bytes)
Event: 0.399 Thread 0x0000024bd298d2e0 nmethod 535 0x0000024bbc4ae310 code [0x0000024bbc4ae4c0, 0x0000024bbc4ae728]
Event: 0.399 Thread 0x0000024bd298d2e0  534       3       java.lang.Enum::equals (11 bytes)
Event: 0.399 Thread 0x0000024bd298d2e0 nmethod 534 0x0000024bbc4ae890 code [0x0000024bbc4aea20, 0x0000024bbc4aeb78]
Event: 0.400 Thread 0x0000024bd2b3a140 nmethod 527 0x0000024bc3efea10 code [0x0000024bc3efeb80, 0x0000024bc3efee38]
Event: 0.400 Thread 0x0000024bd2b3a140  519       4       java.lang.CharacterData::of (136 bytes)
Event: 0.401 Thread 0x0000024bd2b3a140 nmethod 519 0x0000024bc3efef90 code [0x0000024bc3eff100, 0x0000024bc3eff178]
Event: 0.401 Thread 0x0000024bd2b3a140  536       4       lombok.patcher.PatchScript::classMatches (41 bytes)

GC Heap History (0 events):
No events

Dll operation events (8 events):
Event: 0.011 Loaded shared library c:\Users\sureshbabu\.vscode\extensions\redhat.java-1.38.0-win32-x64\jre\17.0.13-win32-x86_64\bin\java.dll
Event: 0.163 Loaded shared library c:\Users\sureshbabu\.vscode\extensions\redhat.java-1.38.0-win32-x64\jre\17.0.13-win32-x86_64\bin\zip.dll
Event: 0.165 Loaded shared library C:\Users\sureshbabu\.vscode\extensions\redhat.java-1.38.0-win32-x64\jre\17.0.13-win32-x86_64\bin\instrument.dll
Event: 0.192 Loaded shared library C:\Users\sureshbabu\.vscode\extensions\redhat.java-1.38.0-win32-x64\jre\17.0.13-win32-x86_64\bin\net.dll
Event: 0.194 Loaded shared library C:\Users\sureshbabu\.vscode\extensions\redhat.java-1.38.0-win32-x64\jre\17.0.13-win32-x86_64\bin\nio.dll
Event: 0.201 Loaded shared library C:\Users\sureshbabu\.vscode\extensions\redhat.java-1.38.0-win32-x64\jre\17.0.13-win32-x86_64\bin\zip.dll
Event: 0.215 Loaded shared library C:\Users\sureshbabu\.vscode\extensions\redhat.java-1.38.0-win32-x64\jre\17.0.13-win32-x86_64\bin\jimage.dll
Event: 0.261 Loaded shared library c:\Users\sureshbabu\.vscode\extensions\redhat.java-1.38.0-win32-x64\jre\17.0.13-win32-x86_64\bin\verify.dll

Deoptimization events (20 events):
Event: 0.367 Thread 0x0000024bb9773fe0 Uncommon trap: trap_request=0xffffffde fr.pc=0x0000024bc3ef8f2c relative=0x000000000000010c
Event: 0.367 Thread 0x0000024bb9773fe0 Uncommon trap: reason=class_check action=maybe_recompile pc=0x0000024bc3ef8f2c method=jdk.internal.misc.Unsafe.allocateUninitializedArray(Ljava/lang/Class;I)Ljava/lang/Object; @ 51 c2
Event: 0.367 Thread 0x0000024bb9773fe0 DEOPT PACKING pc=0x0000024bc3ef8f2c sp=0x0000004e6b1fae30
Event: 0.367 Thread 0x0000024bb9773fe0 DEOPT UNPACKING pc=0x0000024bc39866a3 sp=0x0000004e6b1fadb8 mode 2
Event: 0.367 Thread 0x0000024bb9773fe0 Uncommon trap: trap_request=0xffffffde fr.pc=0x0000024bc3ef8f2c relative=0x000000000000010c
Event: 0.367 Thread 0x0000024bb9773fe0 Uncommon trap: reason=class_check action=maybe_recompile pc=0x0000024bc3ef8f2c method=jdk.internal.misc.Unsafe.allocateUninitializedArray(Ljava/lang/Class;I)Ljava/lang/Object; @ 51 c2
Event: 0.367 Thread 0x0000024bb9773fe0 DEOPT PACKING pc=0x0000024bc3ef8f2c sp=0x0000004e6b1fae30
Event: 0.367 Thread 0x0000024bb9773fe0 DEOPT UNPACKING pc=0x0000024bc39866a3 sp=0x0000004e6b1fadb8 mode 2
Event: 0.367 Thread 0x0000024bb9773fe0 Uncommon trap: trap_request=0xffffffde fr.pc=0x0000024bc3ef8f2c relative=0x000000000000010c
Event: 0.367 Thread 0x0000024bb9773fe0 Uncommon trap: reason=class_check action=maybe_recompile pc=0x0000024bc3ef8f2c method=jdk.internal.misc.Unsafe.allocateUninitializedArray(Ljava/lang/Class;I)Ljava/lang/Object; @ 51 c2
Event: 0.367 Thread 0x0000024bb9773fe0 DEOPT PACKING pc=0x0000024bc3ef8f2c sp=0x0000004e6b1fae70
Event: 0.367 Thread 0x0000024bb9773fe0 DEOPT UNPACKING pc=0x0000024bc39866a3 sp=0x0000004e6b1fadf8 mode 2
Event: 0.382 Thread 0x0000024bb9773fe0 Uncommon trap: trap_request=0xffffff45 fr.pc=0x0000024bc3ee6e40 relative=0x00000000000000c0
Event: 0.382 Thread 0x0000024bb9773fe0 Uncommon trap: reason=unstable_if action=reinterpret pc=0x0000024bc3ee6e40 method=java.net.URI.match(CJJ)Z @ 45 c2
Event: 0.382 Thread 0x0000024bb9773fe0 DEOPT PACKING pc=0x0000024bc3ee6e40 sp=0x0000004e6b1fca80
Event: 0.382 Thread 0x0000024bb9773fe0 DEOPT UNPACKING pc=0x0000024bc39866a3 sp=0x0000004e6b1fca08 mode 2
Event: 0.388 Thread 0x0000024bb9773fe0 Uncommon trap: trap_request=0xffffff45 fr.pc=0x0000024bc3efb734 relative=0x00000000000005b4
Event: 0.388 Thread 0x0000024bb9773fe0 Uncommon trap: reason=unstable_if action=reinterpret pc=0x0000024bc3efb734 method=java.lang.String.replace(Ljava/lang/CharSequence;Ljava/lang/CharSequence;)Ljava/lang/String; @ 48 c2
Event: 0.388 Thread 0x0000024bb9773fe0 DEOPT PACKING pc=0x0000024bc3efb734 sp=0x0000004e6b1fca30
Event: 0.388 Thread 0x0000024bb9773fe0 DEOPT UNPACKING pc=0x0000024bc39866a3 sp=0x0000004e6b1fc9a0 mode 2

Classes loaded (20 events):
Event: 0.400 Loading class java/time/LocalDateTime
Event: 0.400 Loading class java/time/temporal/Temporal
Event: 0.400 Loading class java/time/temporal/Temporal done
Event: 0.400 Loading class java/time/chrono/ChronoLocalDateTime
Event: 0.401 Loading class java/time/chrono/ChronoLocalDateTime done
Event: 0.401 Loading class java/time/LocalDateTime done
Event: 0.401 Loading class java/time/ZonedDateTime
Event: 0.401 Loading class java/time/chrono/ChronoZonedDateTime
Event: 0.402 Loading class java/time/chrono/ChronoZonedDateTime done
Event: 0.402 Loading class java/time/ZonedDateTime done
Event: 0.402 Loading class java/time/LocalDate
Event: 0.402 Loading class java/time/chrono/ChronoLocalDate
Event: 0.403 Loading class java/time/chrono/ChronoLocalDate done
Event: 0.403 Loading class java/time/LocalDate done
Event: 0.403 Loading class java/time/temporal/ChronoField
Event: 0.403 Loading class java/time/temporal/TemporalField
Event: 0.403 Loading class java/time/temporal/TemporalField done
Event: 0.403 Loading class java/time/temporal/ChronoField done
Event: 0.403 Loading class java/time/temporal/ChronoUnit
Event: 0.403 Loading class java/time/temporal/TemporalUnit

Classes unloaded (0 events):
No events

Classes redefined (0 events):
No events

Internal exceptions (2 events):
Event: 0.130 Thread 0x0000024bb9773fe0 Exception <a 'java/lang/NoSuchMethodError'{0x00000000eacb55c8}: 'void java.lang.invoke.DirectMethodHandle$Holder.invokeStatic(java.lang.Object, java.lang.Object, java.lang.Object)'> (0x00000000eacb55c8) 
thrown [s\src\hotspot\share\interpreter\linkResolver.cpp, line 759]
Event: 0.277 Thread 0x0000024bb9773fe0 Exception <a 'java/lang/reflect/InvocationTargetException'{0x00000000eafea450}> (0x00000000eafea450) 
thrown [s\src\hotspot\share\runtime\reflection.cpp, line 1128]

VM Operations (2 events):
Event: 0.146 Executing VM operation: HandshakeAllThreads
Event: 0.146 Executing VM operation: HandshakeAllThreads done

Memory protections (0 events):
No events

Nmethod flushes (0 events):
No events

Events (13 events):
Event: 0.026 Thread 0x0000024bb9773fe0 Thread added: 0x0000024bb9773fe0
Event: 0.033 Thread 0x0000024bb9773fe0 Thread added: 0x0000024bd2929020
Event: 0.033 Thread 0x0000024bb9773fe0 Thread added: 0x0000024bd292b220
Event: 0.046 Thread 0x0000024bb9773fe0 Thread added: 0x0000024bd2959f20
Event: 0.046 Thread 0x0000024bb9773fe0 Thread added: 0x0000024bd295a7f0
Event: 0.046 Thread 0x0000024bb9773fe0 Thread added: 0x0000024bd295e5e0
Event: 0.046 Thread 0x0000024bb9773fe0 Thread added: 0x0000024bd29621d0
Event: 0.046 Thread 0x0000024bb9773fe0 Thread added: 0x0000024bd298b610
Event: 0.046 Thread 0x0000024bb9773fe0 Thread added: 0x0000024bd298d2e0
Event: 0.046 Thread 0x0000024bb9773fe0 Thread added: 0x0000024bd298ef00
Event: 0.114 Thread 0x0000024bb9773fe0 Thread added: 0x0000024bb97d7980
Event: 0.154 Thread 0x0000024bd298d2e0 Thread added: 0x0000024bd2b3a140
Event: 0.331 Thread 0x0000024bb9773fe0 Thread added: 0x0000024bd4011430


Dynamic libraries:
0x00007ff653350000 - 0x00007ff65335e000 	c:\Users\sureshbabu\.vscode\extensions\redhat.java-1.38.0-win32-x64\jre\17.0.13-win32-x86_64\bin\java.exe
0x00007ff9d9a80000 - 0x00007ff9d9ce3000 	C:\WINDOWS\SYSTEM32\ntdll.dll
0x00007ff9d8590000 - 0x00007ff9d8658000 	C:\WINDOWS\System32\KERNEL32.DLL
0x00007ff9d7100000 - 0x00007ff9d74b2000 	C:\WINDOWS\System32\KERNELBASE.dll
0x00007ff9d6f20000 - 0x00007ff9d706b000 	C:\WINDOWS\System32\ucrtbase.dll
0x00007ff9aa6f0000 - 0x00007ff9aa70e000 	c:\Users\sureshbabu\.vscode\extensions\redhat.java-1.38.0-win32-x64\jre\17.0.13-win32-x86_64\bin\VCRUNTIME140.dll
0x00007ff9aa710000 - 0x00007ff9aa727000 	c:\Users\sureshbabu\.vscode\extensions\redhat.java-1.38.0-win32-x64\jre\17.0.13-win32-x86_64\bin\jli.dll
0x00007ff9d7990000 - 0x00007ff9d7b58000 	C:\WINDOWS\System32\USER32.dll
0x00007ff9d6ef0000 - 0x00007ff9d6f17000 	C:\WINDOWS\System32\win32u.dll
0x00007ff9d9250000 - 0x00007ff9d927a000 	C:\WINDOWS\System32\GDI32.dll
0x00007ff9b1d00000 - 0x00007ff9b1f90000 	C:\WINDOWS\WinSxS\amd64_microsoft.windows.common-controls_6595b64144ccf1df_6.0.26100.2454_none_3e0b68a2e331ad60\COMCTL32.dll
0x00007ff9d74c0000 - 0x00007ff9d75eb000 	C:\WINDOWS\System32\gdi32full.dll
0x00007ff9d7830000 - 0x00007ff9d78d3000 	C:\WINDOWS\System32\msvcp_win.dll
0x00007ff9d83d0000 - 0x00007ff9d8479000 	C:\WINDOWS\System32\msvcrt.dll
0x00007ff9d7e20000 - 0x00007ff9d7e4f000 	C:\WINDOWS\System32\IMM32.DLL
0x00007ff9c8850000 - 0x00007ff9c885c000 	c:\Users\sureshbabu\.vscode\extensions\redhat.java-1.38.0-win32-x64\jre\17.0.13-win32-x86_64\bin\vcruntime140_1.dll
0x00007ff987c30000 - 0x00007ff987cbd000 	c:\Users\sureshbabu\.vscode\extensions\redhat.java-1.38.0-win32-x64\jre\17.0.13-win32-x86_64\bin\msvcp140.dll
0x00007ff915140000 - 0x00007ff915dab000 	c:\Users\sureshbabu\.vscode\extensions\redhat.java-1.38.0-win32-x64\jre\17.0.13-win32-x86_64\bin\server\jvm.dll
0x00007ff9d8ff0000 - 0x00007ff9d90a4000 	C:\WINDOWS\System32\ADVAPI32.dll
0x00007ff9d8830000 - 0x00007ff9d88d6000 	C:\WINDOWS\System32\sechost.dll
0x00007ff9d90b0000 - 0x00007ff9d91c6000 	C:\WINDOWS\System32\RPCRT4.dll
0x00007ff9d8510000 - 0x00007ff9d8584000 	C:\WINDOWS\System32\WS2_32.dll
0x00007ff9d6ce0000 - 0x00007ff9d6d2e000 	C:\WINDOWS\SYSTEM32\POWRPROF.dll
0x00007ff9cb290000 - 0x00007ff9cb2c6000 	C:\WINDOWS\SYSTEM32\WINMM.dll
0x00007ff9c8d00000 - 0x00007ff9c8d0b000 	C:\WINDOWS\SYSTEM32\VERSION.dll
0x00007ff9d6cc0000 - 0x00007ff9d6cd4000 	C:\WINDOWS\SYSTEM32\UMPDC.dll
0x00007ff9d5c20000 - 0x00007ff9d5c3a000 	C:\WINDOWS\SYSTEM32\kernel.appcore.dll
0x00007ff9b2fa0000 - 0x00007ff9b2faa000 	c:\Users\sureshbabu\.vscode\extensions\redhat.java-1.38.0-win32-x64\jre\17.0.13-win32-x86_64\bin\jimage.dll
0x00007ff9d4520000 - 0x00007ff9d4761000 	C:\WINDOWS\SYSTEM32\DBGHELP.DLL
0x00007ff9d7e60000 - 0x00007ff9d81de000 	C:\WINDOWS\System32\combase.dll
0x00007ff9d8750000 - 0x00007ff9d8826000 	C:\WINDOWS\System32\OLEAUT32.dll
0x00007ff9a7260000 - 0x00007ff9a7299000 	C:\WINDOWS\SYSTEM32\dbgcore.DLL
0x00007ff9d6e50000 - 0x00007ff9d6ee9000 	C:\WINDOWS\System32\bcryptPrimitives.dll
0x00007ff9b2f50000 - 0x00007ff9b2f5e000 	c:\Users\sureshbabu\.vscode\extensions\redhat.java-1.38.0-win32-x64\jre\17.0.13-win32-x86_64\bin\instrument.dll
0x00007ff9aa6c0000 - 0x00007ff9aa6e5000 	c:\Users\sureshbabu\.vscode\extensions\redhat.java-1.38.0-win32-x64\jre\17.0.13-win32-x86_64\bin\java.dll
0x00007ff9aa6a0000 - 0x00007ff9aa6b8000 	c:\Users\sureshbabu\.vscode\extensions\redhat.java-1.38.0-win32-x64\jre\17.0.13-win32-x86_64\bin\zip.dll
0x00007ff9d9280000 - 0x00007ff9d9980000 	C:\WINDOWS\System32\SHELL32.dll
0x00007ff9d4af0000 - 0x00007ff9d5321000 	C:\WINDOWS\SYSTEM32\windows.storage.dll
0x00007ff9d8f10000 - 0x00007ff9d8fea000 	C:\WINDOWS\System32\SHCORE.dll
0x00007ff9d7930000 - 0x00007ff9d798d000 	C:\WINDOWS\System32\shlwapi.dll
0x00007ff9d6d60000 - 0x00007ff9d6d8e000 	C:\WINDOWS\SYSTEM32\profapi.dll
0x00007ff9aa680000 - 0x00007ff9aa699000 	C:\Users\sureshbabu\.vscode\extensions\redhat.java-1.38.0-win32-x64\jre\17.0.13-win32-x86_64\bin\net.dll
0x00007ff9cef30000 - 0x00007ff9cf056000 	C:\WINDOWS\SYSTEM32\WINHTTP.dll
0x00007ff9d6100000 - 0x00007ff9d6168000 	C:\WINDOWS\system32\mswsock.dll
0x00007ff9914a0000 - 0x00007ff9914b6000 	C:\Users\sureshbabu\.vscode\extensions\redhat.java-1.38.0-win32-x64\jre\17.0.13-win32-x86_64\bin\nio.dll
0x00007ff9b2430000 - 0x00007ff9b2440000 	c:\Users\sureshbabu\.vscode\extensions\redhat.java-1.38.0-win32-x64\jre\17.0.13-win32-x86_64\bin\verify.dll

dbghelp: loaded successfully - version: 4.0.5 - missing functions: none
symbol engine: initialized successfully - sym options: 0x614 - pdb path: .;c:\Users\sureshbabu\.vscode\extensions\redhat.java-1.38.0-win32-x64\jre\17.0.13-win32-x86_64\bin;C:\WINDOWS\SYSTEM32;C:\WINDOWS\WinSxS\amd64_microsoft.windows.common-controls_6595b64144ccf1df_6.0.26100.2454_none_3e0b68a2e331ad60;c:\Users\sureshbabu\.vscode\extensions\redhat.java-1.38.0-win32-x64\jre\17.0.13-win32-x86_64\bin\server

VM Arguments:
jvm_args: --add-modules=ALL-SYSTEM --add-opens=java.base/java.util=ALL-UNNAMED --add-opens=java.base/java.lang=ALL-UNNAMED --add-opens=java.base/sun.nio.fs=ALL-UNNAMED -Declipse.application=org.eclipse.jdt.ls.core.id1 -Dosgi.bundles.defaultStartLevel=4 -Declipse.product=org.eclipse.jdt.ls.core.product -Djava.import.generatesMetadataFilesAtProjectRoot=false -DDetectVMInstallationsJob.disabled=true -Dfile.encoding=utf8 -XX:+UseParallelGC -XX:GCTimeRatio=4 -XX:AdaptiveSizePolicyWeight=90 -Dsun.zip.disableMemoryMapping=true -Xmx1G -Xms100m -Xlog:disable -javaagent:c:\Users\sureshbabu\.vscode\extensions\redhat.java-1.38.0-win32-x64\lombok\lombok-1.18.34.jar -XX:+HeapDumpOnOutOfMemoryError -XX:HeapDumpPath=c:\Users\sureshbabu\AppData\Roaming\Code\User\workspaceStorage\f69f5eef1eb3f792891db10535b10611\redhat.java -Daether.dependencyCollector.impl=bf 
java_command: c:\Users\sureshbabu\.vscode\extensions\redhat.java-1.38.0-win32-x64\server\plugins\org.eclipse.equinox.launcher_1.6.900.v20240613-2009.jar -configuration c:\Users\sureshbabu\AppData\Roaming\Code\User\globalStorage\redhat.java\1.38.0\config_win -data c:\Users\sureshbabu\AppData\Roaming\Code\User\workspaceStorage\f69f5eef1eb3f792891db10535b10611\redhat.java\jdt_ws --pipe=\\.\pipe\lsp-4c82ee6c5399424035b371f204967657-sock
java_class_path (initial): c:\Users\sureshbabu\.vscode\extensions\redhat.java-1.38.0-win32-x64\server\plugins\org.eclipse.equinox.launcher_1.6.900.v20240613-2009.jar
Launcher Type: SUN_STANDARD

[Global flags]
    uintx AdaptiveSizePolicyWeight                 = 90                                        {product} {command line}
     intx CICompilerCount                          = 4                                         {product} {ergonomic}
    uintx GCTimeRatio                              = 4                                         {product} {command line}
     bool HeapDumpOnOutOfMemoryError               = true                                   {manageable} {command line}
    ccstr HeapDumpPath                             = c:\Users\sureshbabu\AppData\Roaming\Code\User\workspaceStorage\f69f5eef1eb3f792891db10535b10611\redhat.java         {manageable} {command line}
   size_t InitialHeapSize                          = 104857600                                 {product} {command line}
   size_t MaxHeapSize                              = 1073741824                                {product} {command line}
   size_t MaxNewSize                               = 357564416                                 {product} {ergonomic}
   size_t MinHeapDeltaBytes                        = 524288                                    {product} {ergonomic}
   size_t MinHeapSize                              = 104857600                                 {product} {command line}
   size_t NewSize                                  = 34603008                                  {product} {ergonomic}
    uintx NonNMethodCodeHeapSize                   = 5839372                                {pd product} {ergonomic}
    uintx NonProfiledCodeHeapSize                  = 122909434                              {pd product} {ergonomic}
   size_t OldSize                                  = 70254592                                  {product} {ergonomic}
    uintx ProfiledCodeHeapSize                     = 122909434                              {pd product} {ergonomic}
    uintx ReservedCodeCacheSize                    = 251658240                              {pd product} {ergonomic}
     bool SegmentedCodeCache                       = true                                      {product} {ergonomic}
   size_t SoftMaxHeapSize                          = 1073741824                             {manageable} {ergonomic}
     bool UseCompressedClassPointers               = true                           {product lp64_product} {ergonomic}
     bool UseCompressedOops                        = true                           {product lp64_product} {ergonomic}
     bool UseLargePagesIndividualAllocation        = false                                  {pd product} {ergonomic}
     bool UseParallelGC                            = true                                      {product} {command line}

Logging:
Log output configuration:
 #0: stdout all=off uptime,level,tags
 #1: stderr all=off uptime,level,tags

Environment Variables:
PATH=C:\Program Files\Eclipse Adoptium\jdk-21.0.4.7-hotspot\bin;C:\Python312\Scripts\;C:\Python312\;C:\WINDOWS\system32;C:\WINDOWS;C:\WINDOWS\system32\Wbem;C:\Python311\Scripts\;C:\Python311\;C:\Program Files (x86)\Common Files\Oracle\Java\javapath;C:\Program Files\Microsoft MPI\Bin\;C:\WINDOWS\System32\WindowsPowerShell\v1.0\;C:\WINDOWS\System32\OpenSSH\;C:\Program Files\Microsoft\Web Platform Installer\;C:\Program Files (x86)\Microsoft ASP.NET\ASP.NET Web Pages\v1.0\;C:\Program Files\Microsoft SQL Server\Client SDK\ODBC\130\Tools\Binn\;C:\Program Files\Microsoft SQL Server\Client SDK\ODBC\170\Tools\Binn\;C:\Program Files\dotnet\;C:\Program Files (x86)\Microsoft SQL Server\160\DTS\Binn\;C:\Program Files\Azure Data Studio\bin;C:\ProgramData\chocolatey\bin;C:\Program Files\Git\cmd;C:\Program Files\PuTTY\;C:\Program Files (x86)\gs\gs10.01.2\bin;C:\Program Files (x86)\Microsoft SQL Server\100\Tools\Binn\;C:\Program Files (x86)\Microsoft SQL Server\100\DTS\Binn\;C:\Program Files\nodejs\;C:\Program Files\PowerShell\7\;C:\WINDOWS\System32\Wbem;C:\Program Files (x86)\Microsoft SQL Server\160\Tools\Binn\;C:\Program Files\Microsoft SQL Server\160\Tools\Binn\;C:\Program Files\Microsoft SQL Server\160\DTS\Binn\;C:\Program Files\Microsoft SQL Server\150\Tools\Binn\;C:\Program Files (x86)\Microsoft Visual Studio\Common\Tools\WinNT;C:\Program Files (x86)\Microsoft Visual Studio\Common\MSDev98\Bin;C:\Program Files (x86)\Microsoft Visual Studio\Common\Tools;C:\Program Files (x86)\Microsoft Visual Studio\VC98\bin;C:\Users\sureshbabu\AppData\Local\Microsoft\WindowsApps;C:\Program Files\Azure Data Studio\bin;C:\Users\sureshbabu\AppData\Local\Programs\Microsoft VS Code\bin;C:\Program Files\New Relic\New Relic CLI\;C:\Users\sureshbabu\.dotnet\tools;C:\Program Files (x86)\TFV;C:\Program Files (x86)\TFV\bin;C:\Users\sureshbabu\AppData\Roaming\npm;C:\Program Files (x86)\Nmap;
USERNAME=sureshbabu
OS=Windows_NT
PROCESSOR_IDENTIFIER=Intel64 Family 6 Model 154 Stepping 4, GenuineIntel
TMP=C:\Users\SURESH~1\AppData\Local\Temp
TEMP=C:\Users\SURESH~1\AppData\Local\Temp



Periodic native trim disabled


---------------  S Y S T E M  ---------------

OS:
 Windows 11 , 64 bit Build 26100 (10.0.26100.2454)
OS uptime: 6 days 6:04 hours
Hyper-V role detected

CPU: total 12 (initial active 12) (6 cores per cpu, 2 threads per core) family 6 model 154 stepping 4 microcode 0x435, cx8, cmov, fxsr, ht, mmx, 3dnowpref, sse, sse2, sse3, ssse3, sse4.1, sse4.2, popcnt, lzcnt, tsc, tscinvbit, avx, avx2, aes, erms, clmul, bmi1, bmi2, adx, sha, fma, vzeroupper, clflush, clflushopt, clwb, hv
Processor Information for processor 0
  Max Mhz: 1700, Current Mhz: 1700, Mhz Limit: 1700
Processor Information for processor 1
  Max Mhz: 1700, Current Mhz: 1700, Mhz Limit: 1700
Processor Information for processor 2
  Max Mhz: 1700, Current Mhz: 1700, Mhz Limit: 1700
Processor Information for processor 3
  Max Mhz: 1700, Current Mhz: 1700, Mhz Limit: 1700
Processor Information for processor 4
  Max Mhz: 1700, Current Mhz: 1700, Mhz Limit: 1700
Processor Information for processor 5
  Max Mhz: 1700, Current Mhz: 1700, Mhz Limit: 1700
Processor Information for processor 6
  Max Mhz: 1700, Current Mhz: 1700, Mhz Limit: 1700
Processor Information for processor 7
  Max Mhz: 1700, Current Mhz: 1558, Mhz Limit: 1700
Processor Information for processor 8
  Max Mhz: 1700, Current Mhz: 1558, Mhz Limit: 1700
Processor Information for processor 9
  Max Mhz: 1700, Current Mhz: 1558, Mhz Limit: 1700
Processor Information for processor 10
  Max Mhz: 1700, Current Mhz: 1558, Mhz Limit: 1700
Processor Information for processor 11
  Max Mhz: 1700, Current Mhz: 1700, Mhz Limit: 1700

Memory: 4k page, system-wide physical 16016M (2271M free)
TotalPageFile size 22174M (AvailPageFile size 1M)
current process WorkingSet (physical memory assigned to process): 54M, peak: 54M
current process commit charge ("private bytes"): 199M, peak: 199M

vm_info: OpenJDK 64-Bit Server VM (17.0.13+11) for windows-amd64 JRE (17.0.13+11), built on Oct 16 2024 00:10:08 by "admin" with MS VC++ 17.7 (VS2022)

END.
